                                 Started job on |	Jan 19 13:27:50
                             Started mapping on |	Jan 19 13:35:12
                                    Finished on |	Jan 19 13:46:09
       Mapping speed, Million of reads per hour |	175.10

                          Number of input reads |	31955454
                      Average input read length |	48
                                    UNIQUE READS:
                   Uniquely mapped reads number |	24353107
                        Uniquely mapped reads % |	76.21%
                          Average mapped length |	48.73
                       Number of splices: Total |	3826088
            Number of splices: Annotated (sjdb) |	3820571
                       Number of splices: GT/AG |	3790304
                       Number of splices: GC/AG |	26768
                       Number of splices: AT/AC |	4455
               Number of splices: Non-canonical |	4561
                      Mismatch rate per base, % |	0.21%
                         Deletion rate per base |	0.01%
                        Deletion average length |	1.39
                        Insertion rate per base |	0.00%
                       Insertion average length |	1.25
                             MULTI-MAPPING READS:
        Number of reads mapped to multiple loci |	6442063
             % of reads mapped to multiple loci |	20.16%
        Number of reads mapped to too many loci |	212254
             % of reads mapped to too many loci |	0.66%
                                  UNMAPPED READS:
       % of reads unmapped: too many mismatches |	0.00%
                 % of reads unmapped: too short |	2.57%
                     % of reads unmapped: other |	0.40%
                                  CHIMERIC READS:
                       Number of chimeric reads |	0
                            % of chimeric reads |	0.00%
