[2020-07-07 15:06:59,391] multiqc                                            [DEBUG  ]  No MultiQC config found: /home/baller01/miniconda2/envs/py3.6/lib/python3.6/site-packages/multiqc_config.yaml
[2020-07-07 15:06:59,391] multiqc                                            [DEBUG  ]  No MultiQC config found: /home/baller01/.multiqc_config.yaml
[2020-07-07 15:06:59,391] multiqc                                            [DEBUG  ]  No MultiQC config found: multiqc_config.yaml
[2020-07-07 15:06:59,391] multiqc                                            [DEBUG  ]  Command used: /Users/baller01/miniconda2/envs/py3.6/bin/multiqc --verbose --dirs --export --outdir fastqc/Multiqc/R1 fastqc/SRR9264343_S0_L001_R1_001_fastqc.zip fastqc/SRR9264344_S0_L001_R1_001_fastqc.zip fastqc/SRR9264345_S0_L001_R1_001_fastqc.zip fastqc/SRR9264346_S0_L001_R1_001_fastqc.zip fastqc/SRR9264347_S0_L001_R1_001_fastqc.zip fastqc/SRR9264348_S0_L001_R1_001_fastqc.zip fastqc/SRR9264349_S0_L001_R1_001_fastqc.zip fastqc/SRR9264350_S0_L001_R1_001_fastqc.zip fastqc/SRR9264351_S0_L001_R1_001_fastqc.zip fastqc/SRR9264352_S0_L001_R1_001_fastqc.zip fastqc/SRR9264353_S0_L001_R1_001_fastqc.zip fastqc/SRR9264354_S0_L001_R1_001_fastqc.zip
[2020-07-07 15:06:59,474] multiqc                                            [WARNING]  MultiQC Version v1.9 now available!
[2020-07-07 15:06:59,474] multiqc                                            [INFO   ]  This is MultiQC v1.7
[2020-07-07 15:06:59,474] multiqc                                            [DEBUG  ]  Command     : /Users/baller01/miniconda2/envs/py3.6/bin/multiqc --verbose --dirs --export --outdir fastqc/Multiqc/R1 fastqc/SRR9264343_S0_L001_R1_001_fastqc.zip fastqc/SRR9264344_S0_L001_R1_001_fastqc.zip fastqc/SRR9264345_S0_L001_R1_001_fastqc.zip fastqc/SRR9264346_S0_L001_R1_001_fastqc.zip fastqc/SRR9264347_S0_L001_R1_001_fastqc.zip fastqc/SRR9264348_S0_L001_R1_001_fastqc.zip fastqc/SRR9264349_S0_L001_R1_001_fastqc.zip fastqc/SRR9264350_S0_L001_R1_001_fastqc.zip fastqc/SRR9264351_S0_L001_R1_001_fastqc.zip fastqc/SRR9264352_S0_L001_R1_001_fastqc.zip fastqc/SRR9264353_S0_L001_R1_001_fastqc.zip fastqc/SRR9264354_S0_L001_R1_001_fastqc.zip
[2020-07-07 15:06:59,475] multiqc                                            [DEBUG  ]  Working dir : /mnt/scratchb/bioinformatics/baller01/20200511_FernandesM_ME_crukBiSs2020/Data/CaronBourque2020
[2020-07-07 15:06:59,475] multiqc                                            [INFO   ]  Template    : default
[2020-07-07 15:06:59,475] multiqc                                            [INFO   ]  Prepending directory to sample names
[2020-07-07 15:06:59,475] multiqc                                            [INFO   ]  Searching 'fastqc/SRR9264343_S0_L001_R1_001_fastqc.zip'
[2020-07-07 15:06:59,475] multiqc                                            [INFO   ]  Searching 'fastqc/SRR9264344_S0_L001_R1_001_fastqc.zip'
[2020-07-07 15:06:59,475] multiqc                                            [INFO   ]  Searching 'fastqc/SRR9264345_S0_L001_R1_001_fastqc.zip'
[2020-07-07 15:06:59,475] multiqc                                            [INFO   ]  Searching 'fastqc/SRR9264346_S0_L001_R1_001_fastqc.zip'
[2020-07-07 15:06:59,475] multiqc                                            [INFO   ]  Searching 'fastqc/SRR9264347_S0_L001_R1_001_fastqc.zip'
[2020-07-07 15:06:59,476] multiqc                                            [INFO   ]  Searching 'fastqc/SRR9264348_S0_L001_R1_001_fastqc.zip'
[2020-07-07 15:06:59,476] multiqc                                            [INFO   ]  Searching 'fastqc/SRR9264349_S0_L001_R1_001_fastqc.zip'
[2020-07-07 15:06:59,476] multiqc                                            [INFO   ]  Searching 'fastqc/SRR9264350_S0_L001_R1_001_fastqc.zip'
[2020-07-07 15:06:59,476] multiqc                                            [INFO   ]  Searching 'fastqc/SRR9264351_S0_L001_R1_001_fastqc.zip'
[2020-07-07 15:06:59,476] multiqc                                            [INFO   ]  Searching 'fastqc/SRR9264352_S0_L001_R1_001_fastqc.zip'
[2020-07-07 15:06:59,476] multiqc                                            [INFO   ]  Searching 'fastqc/SRR9264353_S0_L001_R1_001_fastqc.zip'
[2020-07-07 15:06:59,476] multiqc                                            [INFO   ]  Searching 'fastqc/SRR9264354_S0_L001_R1_001_fastqc.zip'
[2020-07-07 15:06:59,477] multiqc                                            [DEBUG  ]  Analysing modules: custom_content, conpair, peddy, methylQA, phantompeakqualtools, qualimap, preseq, quast, qorts, rna_seqc, rsem, rseqc, busco, goleft_indexcov, disambiguate, supernova, deeptools, sargasso, verifybamid, mirtrace, happy, homer, macs2, theta2, snpeff, gatk, htseq, bcftools, featureCounts, dedup, damageprofiler, picard, prokka, samblaster, samtools, bamtools, jellyfish, vcftools, longranger, stacks, bbmap, bismark, biscuit, hicexplorer, hicup, hicpro, salmon, kallisto, slamdunk, star, hisat2, tophat, bowtie2, bowtie1, kat, leehom, adapterRemoval, clipandmerge, cutadapt, flexbar, trimmomatic, skewer, sortmerna, biobloomtools, fastq_screen, afterqc, fastp, fastqc, minionqc, clusterflow, bcl2fastq, interop, flash
[2020-07-07 15:06:59,477] multiqc                                            [DEBUG  ]  Using temporary directory for creating report: /tmp/tmpf1_835rv
[2020-07-07 15:06:59,854] multiqc                                            [DEBUG  ]  No samples found: custom_content
[2020-07-07 15:06:59,861] multiqc                                            [DEBUG  ]  No samples found: conpair
[2020-07-07 15:06:59,868] multiqc                                            [DEBUG  ]  No samples found: peddy
[2020-07-07 15:06:59,874] multiqc                                            [DEBUG  ]  No samples found: methylQA
[2020-07-07 15:06:59,880] multiqc                                            [DEBUG  ]  No samples found: phantompeakqualtools
[2020-07-07 15:06:59,891] multiqc                                            [DEBUG  ]  No samples found: qualimap
[2020-07-07 15:06:59,896] multiqc                                            [DEBUG  ]  No samples found: preseq
[2020-07-07 15:06:59,902] multiqc                                            [DEBUG  ]  No samples found: quast
[2020-07-07 15:06:59,907] multiqc                                            [DEBUG  ]  No samples found: qorts
[2020-07-07 15:06:59,912] multiqc                                            [DEBUG  ]  No samples found: rna_seqc
[2020-07-07 15:06:59,917] multiqc                                            [DEBUG  ]  No samples found: rsem
[2020-07-07 15:06:59,927] multiqc                                            [DEBUG  ]  No samples found: rseqc
[2020-07-07 15:06:59,932] multiqc                                            [DEBUG  ]  No samples found: busco
[2020-07-07 15:06:59,937] multiqc                                            [DEBUG  ]  No samples found: goleft_indexcov
[2020-07-07 15:06:59,941] multiqc                                            [DEBUG  ]  No samples found: disambiguate
[2020-07-07 15:06:59,946] multiqc                                            [DEBUG  ]  No samples found: supernova
[2020-07-07 15:06:59,955] multiqc                                            [DEBUG  ]  No samples found: deeptools
[2020-07-07 15:06:59,959] multiqc                                            [DEBUG  ]  No samples found: sargasso
[2020-07-07 15:06:59,963] multiqc                                            [DEBUG  ]  No samples found: verifybamid
[2020-07-07 15:06:59,967] multiqc                                            [DEBUG  ]  No samples found: mirtrace
[2020-07-07 15:06:59,971] multiqc                                            [DEBUG  ]  No samples found: happy
[2020-07-07 15:06:59,976] multiqc                                            [DEBUG  ]  No samples found: homer
[2020-07-07 15:06:59,980] multiqc                                            [DEBUG  ]  No samples found: macs2
[2020-07-07 15:06:59,984] multiqc                                            [DEBUG  ]  No samples found: theta2
[2020-07-07 15:06:59,988] multiqc                                            [DEBUG  ]  No samples found: snpeff
[2020-07-07 15:06:59,994] multiqc                                            [DEBUG  ]  No samples found: gatk
[2020-07-07 15:06:59,997] multiqc                                            [DEBUG  ]  No samples found: htseq
[2020-07-07 15:07:00,001] multiqc                                            [DEBUG  ]  No samples found: bcftools
[2020-07-07 15:07:00,004] multiqc                                            [DEBUG  ]  No samples found: featureCounts
[2020-07-07 15:07:00,008] multiqc                                            [DEBUG  ]  No samples found: dedup
[2020-07-07 15:07:00,011] multiqc                                            [DEBUG  ]  No samples found: damageprofiler
[2020-07-07 15:07:00,021] multiqc                                            [DEBUG  ]  No samples found: picard
[2020-07-07 15:07:00,024] multiqc                                            [DEBUG  ]  No samples found: prokka
[2020-07-07 15:07:00,028] multiqc                                            [DEBUG  ]  No samples found: samblaster
[2020-07-07 15:07:00,033] multiqc                                            [DEBUG  ]  No samples found: samtools
[2020-07-07 15:07:00,037] multiqc                                            [DEBUG  ]  No samples found: bamtools
[2020-07-07 15:07:00,040] multiqc                                            [DEBUG  ]  No samples found: jellyfish
[2020-07-07 15:07:00,045] multiqc                                            [DEBUG  ]  No samples found: vcftools
[2020-07-07 15:07:00,049] multiqc                                            [DEBUG  ]  No samples found: longranger
[2020-07-07 15:07:00,052] multiqc                                            [DEBUG  ]  No samples found: stacks
[2020-07-07 15:07:00,061] multiqc                                            [DEBUG  ]  No samples found: bbmap
[2020-07-07 15:07:00,065] multiqc                                            [DEBUG  ]  No samples found: bismark
[2020-07-07 15:07:00,068] multiqc                                            [DEBUG  ]  No samples found: biscuit
[2020-07-07 15:07:00,072] multiqc                                            [DEBUG  ]  No samples found: hicexplorer
[2020-07-07 15:07:00,075] multiqc                                            [DEBUG  ]  No samples found: hicup
[2020-07-07 15:07:00,079] multiqc                                            [DEBUG  ]  No samples found: hicpro
[2020-07-07 15:07:00,082] multiqc                                            [DEBUG  ]  No samples found: salmon
[2020-07-07 15:07:00,085] multiqc                                            [DEBUG  ]  No samples found: kallisto
[2020-07-07 15:07:00,089] multiqc                                            [DEBUG  ]  No samples found: slamdunk
[2020-07-07 15:07:00,093] multiqc                                            [DEBUG  ]  No samples found: star
[2020-07-07 15:07:00,096] multiqc                                            [DEBUG  ]  No samples found: hisat2
[2020-07-07 15:07:00,100] multiqc                                            [DEBUG  ]  No samples found: tophat
[2020-07-07 15:07:00,103] multiqc                                            [DEBUG  ]  No samples found: bowtie2
[2020-07-07 15:07:00,107] multiqc                                            [DEBUG  ]  No samples found: bowtie1
[2020-07-07 15:07:00,110] multiqc                                            [DEBUG  ]  No samples found: kat
[2020-07-07 15:07:00,114] multiqc                                            [DEBUG  ]  No samples found: leehom
[2020-07-07 15:07:00,117] multiqc                                            [DEBUG  ]  No samples found: adapterRemoval
[2020-07-07 15:07:00,121] multiqc                                            [DEBUG  ]  No samples found: clipandmerge
[2020-07-07 15:07:00,125] multiqc                                            [DEBUG  ]  No samples found: cutadapt
[2020-07-07 15:07:00,128] multiqc                                            [DEBUG  ]  No samples found: flexbar
[2020-07-07 15:07:00,132] multiqc                                            [DEBUG  ]  No samples found: trimmomatic
[2020-07-07 15:07:00,135] multiqc                                            [DEBUG  ]  No samples found: skewer
[2020-07-07 15:07:00,139] multiqc                                            [DEBUG  ]  No samples found: sortmerna
[2020-07-07 15:07:00,142] multiqc                                            [DEBUG  ]  No samples found: biobloomtools
[2020-07-07 15:07:00,146] multiqc                                            [DEBUG  ]  No samples found: fastq_screen
[2020-07-07 15:07:00,149] multiqc                                            [DEBUG  ]  No samples found: afterqc
[2020-07-07 15:07:00,153] multiqc                                            [DEBUG  ]  No samples found: fastp
[2020-07-07 15:07:00,753] multiqc.modules.fastqc.fastqc                      [INFO   ]  Found 12 reports
[2020-07-07 15:07:09,020] multiqc                                            [DEBUG  ]  No samples found: minionqc
[2020-07-07 15:07:09,024] multiqc                                            [DEBUG  ]  No samples found: clusterflow
[2020-07-07 15:07:09,027] multiqc                                            [DEBUG  ]  No samples found: bcl2fastq
[2020-07-07 15:07:09,031] multiqc                                            [DEBUG  ]  No samples found: interop
[2020-07-07 15:07:09,034] multiqc                                            [DEBUG  ]  No samples found: flash
[2020-07-07 15:07:09,047] multiqc                                            [INFO   ]  Compressing plot data
[2020-07-07 15:07:09,168] multiqc                                            [INFO   ]  Report      : fastqc/Multiqc/R1/multiqc_report.html
[2020-07-07 15:07:09,169] multiqc                                            [INFO   ]  Data        : fastqc/Multiqc/R1/multiqc_data
[2020-07-07 15:07:09,169] multiqc                                            [DEBUG  ]  Moving data file from '/tmp/tmpf1_835rv/multiqc_data/mqc_fastqc_per_base_n_content_plot_1.txt' to 'fastqc/Multiqc/R1/multiqc_data'
[2020-07-07 15:07:09,172] multiqc                                            [DEBUG  ]  Moving data file from '/tmp/tmpf1_835rv/multiqc_data/mqc_fastqc_per_base_sequence_quality_plot_1.txt' to 'fastqc/Multiqc/R1/multiqc_data'
[2020-07-07 15:07:09,175] multiqc                                            [DEBUG  ]  Moving data file from '/tmp/tmpf1_835rv/multiqc_data/mqc_fastqc_sequence_duplication_levels_plot_1.txt' to 'fastqc/Multiqc/R1/multiqc_data'
[2020-07-07 15:07:09,179] multiqc                                            [DEBUG  ]  Moving data file from '/tmp/tmpf1_835rv/multiqc_data/mqc_fastqc_per_sequence_gc_content_plot_Counts.txt' to 'fastqc/Multiqc/R1/multiqc_data'
[2020-07-07 15:07:09,181] multiqc                                            [DEBUG  ]  Moving data file from '/tmp/tmpf1_835rv/multiqc_data/multiqc_sources.txt' to 'fastqc/Multiqc/R1/multiqc_data'
[2020-07-07 15:07:09,184] multiqc                                            [DEBUG  ]  Moving data file from '/tmp/tmpf1_835rv/multiqc_data/multiqc_fastqc.txt' to 'fastqc/Multiqc/R1/multiqc_data'
[2020-07-07 15:07:09,186] multiqc                                            [DEBUG  ]  Moving data file from '/tmp/tmpf1_835rv/multiqc_data/multiqc_general_stats.txt' to 'fastqc/Multiqc/R1/multiqc_data'
[2020-07-07 15:07:09,189] multiqc                                            [DEBUG  ]  Moving data file from '/tmp/tmpf1_835rv/multiqc_data/mqc_fastqc_per_sequence_gc_content_plot_Percentages.txt' to 'fastqc/Multiqc/R1/multiqc_data'
[2020-07-07 15:07:09,192] multiqc                                            [DEBUG  ]  Moving data file from '/tmp/tmpf1_835rv/multiqc_data/mqc_fastqc_sequence_counts_plot_1.txt' to 'fastqc/Multiqc/R1/multiqc_data'
[2020-07-07 15:07:09,195] multiqc                                            [DEBUG  ]  Moving data file from '/tmp/tmpf1_835rv/multiqc_data/mqc_fastqc_per_sequence_quality_scores_plot_1.txt' to 'fastqc/Multiqc/R1/multiqc_data'
[2020-07-07 15:07:09,198] multiqc                                            [DEBUG  ]  Moving data file from '/tmp/tmpf1_835rv/multiqc_data/multiqc_data.json' to 'fastqc/Multiqc/R1/multiqc_data'
[2020-07-07 15:07:09,203] multiqc                                            [INFO   ]  Plots       : fastqc/Multiqc/R1/multiqc_plots
[2020-07-07 15:07:09,203] multiqc                                            [DEBUG  ]  Moving plots directory from '/tmp/tmpf1_835rv/multiqc_plots/pdf' to 'fastqc/Multiqc/R1/multiqc_plots'
[2020-07-07 15:07:09,225] multiqc                                            [DEBUG  ]  Moving plots directory from '/tmp/tmpf1_835rv/multiqc_plots/png' to 'fastqc/Multiqc/R1/multiqc_plots'
[2020-07-07 15:07:09,248] multiqc                                            [DEBUG  ]  Moving plots directory from '/tmp/tmpf1_835rv/multiqc_plots/svg' to 'fastqc/Multiqc/R1/multiqc_plots'
[2020-07-07 15:07:10,031] multiqc                                            [INFO   ]  MultiQC complete
