[2020-06-26 16:33:51,454] multiqc                                            [DEBUG  ]  No MultiQC config found: /home/baller01/miniconda2/envs/py3.6/lib/python3.6/site-packages/multiqc_config.yaml
[2020-06-26 16:33:51,454] multiqc                                            [DEBUG  ]  No MultiQC config found: /Users/baller01/.multiqc_config.yaml
[2020-06-26 16:33:51,454] multiqc                                            [DEBUG  ]  No MultiQC config found: multiqc_config.yaml
[2020-06-26 16:33:51,454] multiqc                                            [DEBUG  ]  Command used: /Users/baller01/miniconda2/envs/py3.6/bin/multiqc --verbose --dirs --export --outdir fastqc/Multiqc/R2 fastqc/SRR9264344_S0_L001_R2_001_fastqc.zip fastqc/SRR9264345_S0_L001_R2_001_fastqc.zip fastqc/SRR9264346_S0_L001_R2_001_fastqc.zip fastqc/SRR9264347_S0_L001_R2_001_fastqc.zip fastqc/SRR9264348_S0_L001_R2_001_fastqc.zip fastqc/SRR9264349_S0_L001_R2_001_fastqc.zip fastqc/SRR9264350_S0_L001_R2_001_fastqc.zip fastqc/SRR9264351_S0_L001_R2_001_fastqc.zip fastqc/SRR9264352_S0_L001_R2_001_fastqc.zip fastqc/SRR9264353_S0_L001_R2_001_fastqc.zip fastqc/SRR9264354_S0_L001_R2_001_fastqc.zip
[2020-06-26 16:33:51,529] multiqc                                            [WARNING]  MultiQC Version v1.9 now available!
[2020-06-26 16:33:51,529] multiqc                                            [INFO   ]  This is MultiQC v1.7
[2020-06-26 16:33:51,529] multiqc                                            [DEBUG  ]  Command     : /Users/baller01/miniconda2/envs/py3.6/bin/multiqc --verbose --dirs --export --outdir fastqc/Multiqc/R2 fastqc/SRR9264344_S0_L001_R2_001_fastqc.zip fastqc/SRR9264345_S0_L001_R2_001_fastqc.zip fastqc/SRR9264346_S0_L001_R2_001_fastqc.zip fastqc/SRR9264347_S0_L001_R2_001_fastqc.zip fastqc/SRR9264348_S0_L001_R2_001_fastqc.zip fastqc/SRR9264349_S0_L001_R2_001_fastqc.zip fastqc/SRR9264350_S0_L001_R2_001_fastqc.zip fastqc/SRR9264351_S0_L001_R2_001_fastqc.zip fastqc/SRR9264352_S0_L001_R2_001_fastqc.zip fastqc/SRR9264353_S0_L001_R2_001_fastqc.zip fastqc/SRR9264354_S0_L001_R2_001_fastqc.zip
[2020-06-26 16:33:51,529] multiqc                                            [DEBUG  ]  Working dir : /mnt/scratchb/bioinformatics/baller01/20200511_FernandesM_ME_crukBiSs2020/Data/CaronBourque2020
[2020-06-26 16:33:51,529] multiqc                                            [INFO   ]  Template    : default
[2020-06-26 16:33:51,529] multiqc                                            [INFO   ]  Prepending directory to sample names
[2020-06-26 16:33:51,529] multiqc                                            [INFO   ]  Searching 'fastqc/SRR9264344_S0_L001_R2_001_fastqc.zip'
[2020-06-26 16:33:51,530] multiqc                                            [INFO   ]  Searching 'fastqc/SRR9264345_S0_L001_R2_001_fastqc.zip'
[2020-06-26 16:33:51,530] multiqc                                            [INFO   ]  Searching 'fastqc/SRR9264346_S0_L001_R2_001_fastqc.zip'
[2020-06-26 16:33:51,530] multiqc                                            [INFO   ]  Searching 'fastqc/SRR9264347_S0_L001_R2_001_fastqc.zip'
[2020-06-26 16:33:51,530] multiqc                                            [INFO   ]  Searching 'fastqc/SRR9264348_S0_L001_R2_001_fastqc.zip'
[2020-06-26 16:33:51,530] multiqc                                            [INFO   ]  Searching 'fastqc/SRR9264349_S0_L001_R2_001_fastqc.zip'
[2020-06-26 16:33:51,530] multiqc                                            [INFO   ]  Searching 'fastqc/SRR9264350_S0_L001_R2_001_fastqc.zip'
[2020-06-26 16:33:51,530] multiqc                                            [INFO   ]  Searching 'fastqc/SRR9264351_S0_L001_R2_001_fastqc.zip'
[2020-06-26 16:33:51,530] multiqc                                            [INFO   ]  Searching 'fastqc/SRR9264352_S0_L001_R2_001_fastqc.zip'
[2020-06-26 16:33:51,530] multiqc                                            [INFO   ]  Searching 'fastqc/SRR9264353_S0_L001_R2_001_fastqc.zip'
[2020-06-26 16:33:51,530] multiqc                                            [INFO   ]  Searching 'fastqc/SRR9264354_S0_L001_R2_001_fastqc.zip'
[2020-06-26 16:33:51,531] multiqc                                            [DEBUG  ]  Analysing modules: custom_content, conpair, peddy, methylQA, phantompeakqualtools, qualimap, preseq, quast, qorts, rna_seqc, rsem, rseqc, busco, goleft_indexcov, disambiguate, supernova, deeptools, sargasso, verifybamid, mirtrace, happy, homer, macs2, theta2, snpeff, gatk, htseq, bcftools, featureCounts, dedup, damageprofiler, picard, prokka, samblaster, samtools, bamtools, jellyfish, vcftools, longranger, stacks, bbmap, bismark, biscuit, hicexplorer, hicup, hicpro, salmon, kallisto, slamdunk, star, hisat2, tophat, bowtie2, bowtie1, kat, leehom, adapterRemoval, clipandmerge, cutadapt, flexbar, trimmomatic, skewer, sortmerna, biobloomtools, fastq_screen, afterqc, fastp, fastqc, minionqc, clusterflow, bcl2fastq, interop, flash
[2020-06-26 16:33:51,531] multiqc                                            [DEBUG  ]  Using temporary directory for creating report: /tmp/tmpofkbzeo0
[2020-06-26 16:33:51,839] multiqc                                            [DEBUG  ]  No samples found: custom_content
[2020-06-26 16:33:51,843] multiqc                                            [DEBUG  ]  No samples found: conpair
[2020-06-26 16:33:51,846] multiqc                                            [DEBUG  ]  No samples found: peddy
[2020-06-26 16:33:51,850] multiqc                                            [DEBUG  ]  No samples found: methylQA
[2020-06-26 16:33:51,853] multiqc                                            [DEBUG  ]  No samples found: phantompeakqualtools
[2020-06-26 16:33:51,859] multiqc                                            [DEBUG  ]  No samples found: qualimap
[2020-06-26 16:33:51,864] multiqc                                            [DEBUG  ]  No samples found: preseq
[2020-06-26 16:33:51,867] multiqc                                            [DEBUG  ]  No samples found: quast
[2020-06-26 16:33:51,871] multiqc                                            [DEBUG  ]  No samples found: qorts
[2020-06-26 16:33:51,874] multiqc                                            [DEBUG  ]  No samples found: rna_seqc
[2020-06-26 16:33:51,877] multiqc                                            [DEBUG  ]  No samples found: rsem
[2020-06-26 16:33:51,885] multiqc                                            [DEBUG  ]  No samples found: rseqc
[2020-06-26 16:33:51,888] multiqc                                            [DEBUG  ]  No samples found: busco
[2020-06-26 16:33:51,891] multiqc                                            [DEBUG  ]  No samples found: goleft_indexcov
[2020-06-26 16:33:51,895] multiqc                                            [DEBUG  ]  No samples found: disambiguate
[2020-06-26 16:33:51,898] multiqc                                            [DEBUG  ]  No samples found: supernova
[2020-06-26 16:33:51,906] multiqc                                            [DEBUG  ]  No samples found: deeptools
[2020-06-26 16:33:51,910] multiqc                                            [DEBUG  ]  No samples found: sargasso
[2020-06-26 16:33:51,913] multiqc                                            [DEBUG  ]  No samples found: verifybamid
[2020-06-26 16:33:51,916] multiqc                                            [DEBUG  ]  No samples found: mirtrace
[2020-06-26 16:33:51,920] multiqc                                            [DEBUG  ]  No samples found: happy
[2020-06-26 16:33:51,924] multiqc                                            [DEBUG  ]  No samples found: homer
[2020-06-26 16:33:51,927] multiqc                                            [DEBUG  ]  No samples found: macs2
[2020-06-26 16:33:51,931] multiqc                                            [DEBUG  ]  No samples found: theta2
[2020-06-26 16:33:51,934] multiqc                                            [DEBUG  ]  No samples found: snpeff
[2020-06-26 16:33:51,939] multiqc                                            [DEBUG  ]  No samples found: gatk
[2020-06-26 16:33:51,942] multiqc                                            [DEBUG  ]  No samples found: htseq
[2020-06-26 16:33:51,946] multiqc                                            [DEBUG  ]  No samples found: bcftools
[2020-06-26 16:33:51,949] multiqc                                            [DEBUG  ]  No samples found: featureCounts
[2020-06-26 16:33:51,953] multiqc                                            [DEBUG  ]  No samples found: dedup
[2020-06-26 16:33:51,956] multiqc                                            [DEBUG  ]  No samples found: damageprofiler
[2020-06-26 16:33:51,966] multiqc                                            [DEBUG  ]  No samples found: picard
[2020-06-26 16:33:51,969] multiqc                                            [DEBUG  ]  No samples found: prokka
[2020-06-26 16:33:51,973] multiqc                                            [DEBUG  ]  No samples found: samblaster
[2020-06-26 16:33:51,978] multiqc                                            [DEBUG  ]  No samples found: samtools
[2020-06-26 16:33:51,982] multiqc                                            [DEBUG  ]  No samples found: bamtools
[2020-06-26 16:33:51,985] multiqc                                            [DEBUG  ]  No samples found: jellyfish
[2020-06-26 16:33:51,990] multiqc                                            [DEBUG  ]  No samples found: vcftools
[2020-06-26 16:33:51,994] multiqc                                            [DEBUG  ]  No samples found: longranger
[2020-06-26 16:33:51,997] multiqc                                            [DEBUG  ]  No samples found: stacks
[2020-06-26 16:33:52,006] multiqc                                            [DEBUG  ]  No samples found: bbmap
[2020-06-26 16:33:52,010] multiqc                                            [DEBUG  ]  No samples found: bismark
[2020-06-26 16:33:52,014] multiqc                                            [DEBUG  ]  No samples found: biscuit
[2020-06-26 16:33:52,017] multiqc                                            [DEBUG  ]  No samples found: hicexplorer
[2020-06-26 16:33:52,021] multiqc                                            [DEBUG  ]  No samples found: hicup
[2020-06-26 16:33:52,024] multiqc                                            [DEBUG  ]  No samples found: hicpro
[2020-06-26 16:33:52,028] multiqc                                            [DEBUG  ]  No samples found: salmon
[2020-06-26 16:33:52,031] multiqc                                            [DEBUG  ]  No samples found: kallisto
[2020-06-26 16:33:52,035] multiqc                                            [DEBUG  ]  No samples found: slamdunk
[2020-06-26 16:33:52,038] multiqc                                            [DEBUG  ]  No samples found: star
[2020-06-26 16:33:52,042] multiqc                                            [DEBUG  ]  No samples found: hisat2
[2020-06-26 16:33:52,045] multiqc                                            [DEBUG  ]  No samples found: tophat
[2020-06-26 16:33:52,049] multiqc                                            [DEBUG  ]  No samples found: bowtie2
[2020-06-26 16:33:52,053] multiqc                                            [DEBUG  ]  No samples found: bowtie1
[2020-06-26 16:33:52,056] multiqc                                            [DEBUG  ]  No samples found: kat
[2020-06-26 16:33:52,059] multiqc                                            [DEBUG  ]  No samples found: leehom
[2020-06-26 16:33:52,063] multiqc                                            [DEBUG  ]  No samples found: adapterRemoval
[2020-06-26 16:33:52,066] multiqc                                            [DEBUG  ]  No samples found: clipandmerge
[2020-06-26 16:33:52,070] multiqc                                            [DEBUG  ]  No samples found: cutadapt
[2020-06-26 16:33:52,073] multiqc                                            [DEBUG  ]  No samples found: flexbar
[2020-06-26 16:33:52,077] multiqc                                            [DEBUG  ]  No samples found: trimmomatic
[2020-06-26 16:33:52,080] multiqc                                            [DEBUG  ]  No samples found: skewer
[2020-06-26 16:33:52,083] multiqc                                            [DEBUG  ]  No samples found: sortmerna
[2020-06-26 16:33:52,087] multiqc                                            [DEBUG  ]  No samples found: biobloomtools
[2020-06-26 16:33:52,090] multiqc                                            [DEBUG  ]  No samples found: fastq_screen
[2020-06-26 16:33:52,094] multiqc                                            [DEBUG  ]  No samples found: afterqc
[2020-06-26 16:33:52,097] multiqc                                            [DEBUG  ]  No samples found: fastp
[2020-06-26 16:33:52,413] multiqc.modules.fastqc.fastqc                      [INFO   ]  Found 11 reports
[2020-06-26 16:34:01,633] multiqc                                            [DEBUG  ]  No samples found: minionqc
[2020-06-26 16:34:01,641] multiqc                                            [DEBUG  ]  No samples found: clusterflow
[2020-06-26 16:34:01,648] multiqc                                            [DEBUG  ]  No samples found: bcl2fastq
[2020-06-26 16:34:01,654] multiqc                                            [DEBUG  ]  No samples found: interop
[2020-06-26 16:34:01,659] multiqc                                            [DEBUG  ]  No samples found: flash
[2020-06-26 16:34:01,686] multiqc                                            [INFO   ]  Compressing plot data
[2020-06-26 16:34:01,882] multiqc                                            [INFO   ]  Report      : fastqc/Multiqc/R2/multiqc_report.html
[2020-06-26 16:34:01,882] multiqc                                            [INFO   ]  Data        : fastqc/Multiqc/R2/multiqc_data
[2020-06-26 16:34:01,882] multiqc                                            [DEBUG  ]  Moving data file from '/tmp/tmpofkbzeo0/multiqc_data/mqc_fastqc_per_base_n_content_plot_1.txt' to 'fastqc/Multiqc/R2/multiqc_data'
[2020-06-26 16:34:01,885] multiqc                                            [DEBUG  ]  Moving data file from '/tmp/tmpofkbzeo0/multiqc_data/mqc_fastqc_per_base_sequence_quality_plot_1.txt' to 'fastqc/Multiqc/R2/multiqc_data'
[2020-06-26 16:34:01,887] multiqc                                            [DEBUG  ]  Moving data file from '/tmp/tmpofkbzeo0/multiqc_data/mqc_fastqc_sequence_duplication_levels_plot_1.txt' to 'fastqc/Multiqc/R2/multiqc_data'
[2020-06-26 16:34:01,890] multiqc                                            [DEBUG  ]  Moving data file from '/tmp/tmpofkbzeo0/multiqc_data/mqc_fastqc_per_sequence_gc_content_plot_Counts.txt' to 'fastqc/Multiqc/R2/multiqc_data'
[2020-06-26 16:34:01,892] multiqc                                            [DEBUG  ]  Moving data file from '/tmp/tmpofkbzeo0/multiqc_data/multiqc_sources.txt' to 'fastqc/Multiqc/R2/multiqc_data'
[2020-06-26 16:34:01,894] multiqc                                            [DEBUG  ]  Moving data file from '/tmp/tmpofkbzeo0/multiqc_data/multiqc_fastqc.txt' to 'fastqc/Multiqc/R2/multiqc_data'
[2020-06-26 16:34:01,896] multiqc                                            [DEBUG  ]  Moving data file from '/tmp/tmpofkbzeo0/multiqc_data/multiqc_general_stats.txt' to 'fastqc/Multiqc/R2/multiqc_data'
[2020-06-26 16:34:01,899] multiqc                                            [DEBUG  ]  Moving data file from '/tmp/tmpofkbzeo0/multiqc_data/mqc_fastqc_overrepresented_sequencesi_plot_1.txt' to 'fastqc/Multiqc/R2/multiqc_data'
[2020-06-26 16:34:01,901] multiqc                                            [DEBUG  ]  Moving data file from '/tmp/tmpofkbzeo0/multiqc_data/mqc_fastqc_per_sequence_gc_content_plot_Percentages.txt' to 'fastqc/Multiqc/R2/multiqc_data'
[2020-06-26 16:34:01,904] multiqc                                            [DEBUG  ]  Moving data file from '/tmp/tmpofkbzeo0/multiqc_data/mqc_fastqc_sequence_counts_plot_1.txt' to 'fastqc/Multiqc/R2/multiqc_data'
[2020-06-26 16:34:01,906] multiqc                                            [DEBUG  ]  Moving data file from '/tmp/tmpofkbzeo0/multiqc_data/mqc_fastqc_per_sequence_quality_scores_plot_1.txt' to 'fastqc/Multiqc/R2/multiqc_data'
[2020-06-26 16:34:01,909] multiqc                                            [DEBUG  ]  Moving data file from '/tmp/tmpofkbzeo0/multiqc_data/multiqc_data.json' to 'fastqc/Multiqc/R2/multiqc_data'
[2020-06-26 16:34:01,913] multiqc                                            [INFO   ]  Plots       : fastqc/Multiqc/R2/multiqc_plots
[2020-06-26 16:34:01,913] multiqc                                            [DEBUG  ]  Moving plots directory from '/tmp/tmpofkbzeo0/multiqc_plots/pdf' to 'fastqc/Multiqc/R2/multiqc_plots'
[2020-06-26 16:34:01,934] multiqc                                            [DEBUG  ]  Moving plots directory from '/tmp/tmpofkbzeo0/multiqc_plots/png' to 'fastqc/Multiqc/R2/multiqc_plots'
[2020-06-26 16:34:01,956] multiqc                                            [DEBUG  ]  Moving plots directory from '/tmp/tmpofkbzeo0/multiqc_plots/svg' to 'fastqc/Multiqc/R2/multiqc_plots'
[2020-06-26 16:34:02,117] multiqc                                            [INFO   ]  MultiQC complete
