[2020-06-26 22:28:59,948] multiqc                                            [DEBUG  ]  No MultiQC config found: /home/baller01/miniconda2/envs/py3.6/lib/python3.6/site-packages/multiqc_config.yaml
[2020-06-26 22:28:59,949] multiqc                                            [DEBUG  ]  No MultiQC config found: /Users/baller01/.multiqc_config.yaml
[2020-06-26 22:28:59,949] multiqc                                            [DEBUG  ]  No MultiQC config found: multiqc_config.yaml
[2020-06-26 22:28:59,949] multiqc                                            [DEBUG  ]  Command used: /Users/baller01/miniconda2/envs/py3.6/bin/multiqc --verbose --dirs --export --outdir fastqc/Multiqc/I1 fastqc/SRR9264344_S0_L001_I1_001_fastqc.zip fastqc/SRR9264345_S0_L001_I1_001_fastqc.zip fastqc/SRR9264346_S0_L001_I1_001_fastqc.zip fastqc/SRR9264347_S0_L001_I1_001_fastqc.zip fastqc/SRR9264348_S0_L001_I1_001_fastqc.zip fastqc/SRR9264349_S0_L001_I1_001_fastqc.zip fastqc/SRR9264350_S0_L001_I1_001_fastqc.zip fastqc/SRR9264351_S0_L001_I1_001_fastqc.zip fastqc/SRR9264352_S0_L001_I1_001_fastqc.zip fastqc/SRR9264353_S0_L001_I1_001_fastqc.zip fastqc/SRR9264354_S0_L001_I1_001_fastqc.zip
[2020-06-26 22:29:00,207] multiqc                                            [WARNING]  MultiQC Version v1.9 now available!
[2020-06-26 22:29:00,207] multiqc                                            [INFO   ]  This is MultiQC v1.7
[2020-06-26 22:29:00,208] multiqc                                            [DEBUG  ]  Command     : /Users/baller01/miniconda2/envs/py3.6/bin/multiqc --verbose --dirs --export --outdir fastqc/Multiqc/I1 fastqc/SRR9264344_S0_L001_I1_001_fastqc.zip fastqc/SRR9264345_S0_L001_I1_001_fastqc.zip fastqc/SRR9264346_S0_L001_I1_001_fastqc.zip fastqc/SRR9264347_S0_L001_I1_001_fastqc.zip fastqc/SRR9264348_S0_L001_I1_001_fastqc.zip fastqc/SRR9264349_S0_L001_I1_001_fastqc.zip fastqc/SRR9264350_S0_L001_I1_001_fastqc.zip fastqc/SRR9264351_S0_L001_I1_001_fastqc.zip fastqc/SRR9264352_S0_L001_I1_001_fastqc.zip fastqc/SRR9264353_S0_L001_I1_001_fastqc.zip fastqc/SRR9264354_S0_L001_I1_001_fastqc.zip
[2020-06-26 22:29:00,208] multiqc                                            [DEBUG  ]  Working dir : /mnt/scratchb/bioinformatics/baller01/20200511_FernandesM_ME_crukBiSs2020/Data/CaronBourque2020
[2020-06-26 22:29:00,208] multiqc                                            [INFO   ]  Template    : default
[2020-06-26 22:29:00,208] multiqc                                            [INFO   ]  Prepending directory to sample names
[2020-06-26 22:29:00,208] multiqc                                            [INFO   ]  Searching 'fastqc/SRR9264344_S0_L001_I1_001_fastqc.zip'
[2020-06-26 22:29:00,208] multiqc                                            [INFO   ]  Searching 'fastqc/SRR9264345_S0_L001_I1_001_fastqc.zip'
[2020-06-26 22:29:00,209] multiqc                                            [INFO   ]  Searching 'fastqc/SRR9264346_S0_L001_I1_001_fastqc.zip'
[2020-06-26 22:29:00,209] multiqc                                            [INFO   ]  Searching 'fastqc/SRR9264347_S0_L001_I1_001_fastqc.zip'
[2020-06-26 22:29:00,209] multiqc                                            [INFO   ]  Searching 'fastqc/SRR9264348_S0_L001_I1_001_fastqc.zip'
[2020-06-26 22:29:00,209] multiqc                                            [INFO   ]  Searching 'fastqc/SRR9264349_S0_L001_I1_001_fastqc.zip'
[2020-06-26 22:29:00,209] multiqc                                            [INFO   ]  Searching 'fastqc/SRR9264350_S0_L001_I1_001_fastqc.zip'
[2020-06-26 22:29:00,209] multiqc                                            [INFO   ]  Searching 'fastqc/SRR9264351_S0_L001_I1_001_fastqc.zip'
[2020-06-26 22:29:00,209] multiqc                                            [INFO   ]  Searching 'fastqc/SRR9264352_S0_L001_I1_001_fastqc.zip'
[2020-06-26 22:29:00,209] multiqc                                            [INFO   ]  Searching 'fastqc/SRR9264353_S0_L001_I1_001_fastqc.zip'
[2020-06-26 22:29:00,210] multiqc                                            [INFO   ]  Searching 'fastqc/SRR9264354_S0_L001_I1_001_fastqc.zip'
[2020-06-26 22:29:00,210] multiqc                                            [DEBUG  ]  Analysing modules: custom_content, conpair, peddy, methylQA, phantompeakqualtools, qualimap, preseq, quast, qorts, rna_seqc, rsem, rseqc, busco, goleft_indexcov, disambiguate, supernova, deeptools, sargasso, verifybamid, mirtrace, happy, homer, macs2, theta2, snpeff, gatk, htseq, bcftools, featureCounts, dedup, damageprofiler, picard, prokka, samblaster, samtools, bamtools, jellyfish, vcftools, longranger, stacks, bbmap, bismark, biscuit, hicexplorer, hicup, hicpro, salmon, kallisto, slamdunk, star, hisat2, tophat, bowtie2, bowtie1, kat, leehom, adapterRemoval, clipandmerge, cutadapt, flexbar, trimmomatic, skewer, sortmerna, biobloomtools, fastq_screen, afterqc, fastp, fastqc, minionqc, clusterflow, bcl2fastq, interop, flash
[2020-06-26 22:29:00,211] multiqc                                            [DEBUG  ]  Using temporary directory for creating report: /tmp/tmp__p_f_fr
[2020-06-26 22:29:00,621] multiqc                                            [DEBUG  ]  No samples found: custom_content
[2020-06-26 22:29:00,626] multiqc                                            [DEBUG  ]  No samples found: conpair
[2020-06-26 22:29:00,632] multiqc                                            [DEBUG  ]  No samples found: peddy
[2020-06-26 22:29:00,637] multiqc                                            [DEBUG  ]  No samples found: methylQA
[2020-06-26 22:29:00,642] multiqc                                            [DEBUG  ]  No samples found: phantompeakqualtools
[2020-06-26 22:29:00,650] multiqc                                            [DEBUG  ]  No samples found: qualimap
[2020-06-26 22:29:00,655] multiqc                                            [DEBUG  ]  No samples found: preseq
[2020-06-26 22:29:00,660] multiqc                                            [DEBUG  ]  No samples found: quast
[2020-06-26 22:29:00,665] multiqc                                            [DEBUG  ]  No samples found: qorts
[2020-06-26 22:29:00,671] multiqc                                            [DEBUG  ]  No samples found: rna_seqc
[2020-06-26 22:29:00,677] multiqc                                            [DEBUG  ]  No samples found: rsem
[2020-06-26 22:29:00,689] multiqc                                            [DEBUG  ]  No samples found: rseqc
[2020-06-26 22:29:00,694] multiqc                                            [DEBUG  ]  No samples found: busco
[2020-06-26 22:29:00,700] multiqc                                            [DEBUG  ]  No samples found: goleft_indexcov
[2020-06-26 22:29:00,705] multiqc                                            [DEBUG  ]  No samples found: disambiguate
[2020-06-26 22:29:00,711] multiqc                                            [DEBUG  ]  No samples found: supernova
[2020-06-26 22:29:00,722] multiqc                                            [DEBUG  ]  No samples found: deeptools
[2020-06-26 22:29:00,728] multiqc                                            [DEBUG  ]  No samples found: sargasso
[2020-06-26 22:29:00,733] multiqc                                            [DEBUG  ]  No samples found: verifybamid
[2020-06-26 22:29:00,738] multiqc                                            [DEBUG  ]  No samples found: mirtrace
[2020-06-26 22:29:00,743] multiqc                                            [DEBUG  ]  No samples found: happy
[2020-06-26 22:29:00,749] multiqc                                            [DEBUG  ]  No samples found: homer
[2020-06-26 22:29:00,754] multiqc                                            [DEBUG  ]  No samples found: macs2
[2020-06-26 22:29:00,758] multiqc                                            [DEBUG  ]  No samples found: theta2
[2020-06-26 22:29:00,763] multiqc                                            [DEBUG  ]  No samples found: snpeff
[2020-06-26 22:29:00,769] multiqc                                            [DEBUG  ]  No samples found: gatk
[2020-06-26 22:29:00,774] multiqc                                            [DEBUG  ]  No samples found: htseq
[2020-06-26 22:29:00,778] multiqc                                            [DEBUG  ]  No samples found: bcftools
[2020-06-26 22:29:00,782] multiqc                                            [DEBUG  ]  No samples found: featureCounts
[2020-06-26 22:29:00,786] multiqc                                            [DEBUG  ]  No samples found: dedup
[2020-06-26 22:29:00,790] multiqc                                            [DEBUG  ]  No samples found: damageprofiler
[2020-06-26 22:29:00,802] multiqc                                            [DEBUG  ]  No samples found: picard
[2020-06-26 22:29:00,806] multiqc                                            [DEBUG  ]  No samples found: prokka
[2020-06-26 22:29:00,810] multiqc                                            [DEBUG  ]  No samples found: samblaster
[2020-06-26 22:29:00,816] multiqc                                            [DEBUG  ]  No samples found: samtools
[2020-06-26 22:29:00,821] multiqc                                            [DEBUG  ]  No samples found: bamtools
[2020-06-26 22:29:00,825] multiqc                                            [DEBUG  ]  No samples found: jellyfish
[2020-06-26 22:29:00,832] multiqc                                            [DEBUG  ]  No samples found: vcftools
[2020-06-26 22:29:00,837] multiqc                                            [DEBUG  ]  No samples found: longranger
[2020-06-26 22:29:00,842] multiqc                                            [DEBUG  ]  No samples found: stacks
[2020-06-26 22:29:00,852] multiqc                                            [DEBUG  ]  No samples found: bbmap
[2020-06-26 22:29:00,857] multiqc                                            [DEBUG  ]  No samples found: bismark
[2020-06-26 22:29:00,862] multiqc                                            [DEBUG  ]  No samples found: biscuit
[2020-06-26 22:29:00,866] multiqc                                            [DEBUG  ]  No samples found: hicexplorer
[2020-06-26 22:29:00,870] multiqc                                            [DEBUG  ]  No samples found: hicup
[2020-06-26 22:29:00,874] multiqc                                            [DEBUG  ]  No samples found: hicpro
[2020-06-26 22:29:00,878] multiqc                                            [DEBUG  ]  No samples found: salmon
[2020-06-26 22:29:00,882] multiqc                                            [DEBUG  ]  No samples found: kallisto
[2020-06-26 22:29:00,886] multiqc                                            [DEBUG  ]  No samples found: slamdunk
[2020-06-26 22:29:00,891] multiqc                                            [DEBUG  ]  No samples found: star
[2020-06-26 22:29:00,895] multiqc                                            [DEBUG  ]  No samples found: hisat2
[2020-06-26 22:29:00,899] multiqc                                            [DEBUG  ]  No samples found: tophat
[2020-06-26 22:29:00,904] multiqc                                            [DEBUG  ]  No samples found: bowtie2
[2020-06-26 22:29:00,908] multiqc                                            [DEBUG  ]  No samples found: bowtie1
[2020-06-26 22:29:00,912] multiqc                                            [DEBUG  ]  No samples found: kat
[2020-06-26 22:29:00,916] multiqc                                            [DEBUG  ]  No samples found: leehom
[2020-06-26 22:29:00,920] multiqc                                            [DEBUG  ]  No samples found: adapterRemoval
[2020-06-26 22:29:00,924] multiqc                                            [DEBUG  ]  No samples found: clipandmerge
[2020-06-26 22:29:00,928] multiqc                                            [DEBUG  ]  No samples found: cutadapt
[2020-06-26 22:29:00,932] multiqc                                            [DEBUG  ]  No samples found: flexbar
[2020-06-26 22:29:00,936] multiqc                                            [DEBUG  ]  No samples found: trimmomatic
[2020-06-26 22:29:00,940] multiqc                                            [DEBUG  ]  No samples found: skewer
[2020-06-26 22:29:00,944] multiqc                                            [DEBUG  ]  No samples found: sortmerna
[2020-06-26 22:29:00,948] multiqc                                            [DEBUG  ]  No samples found: biobloomtools
[2020-06-26 22:29:00,952] multiqc                                            [DEBUG  ]  No samples found: fastq_screen
[2020-06-26 22:29:00,956] multiqc                                            [DEBUG  ]  No samples found: afterqc
[2020-06-26 22:29:00,961] multiqc                                            [DEBUG  ]  No samples found: fastp
[2020-06-26 22:29:01,249] multiqc.modules.fastqc.fastqc                      [INFO   ]  Found 11 reports
[2020-06-26 22:29:10,811] multiqc.modules.fastqc.fastqc                      [DEBUG  ]  adapter_content not found in FastQC reports
[2020-06-26 22:29:10,819] multiqc                                            [DEBUG  ]  No samples found: minionqc
[2020-06-26 22:29:10,823] multiqc                                            [DEBUG  ]  No samples found: clusterflow
[2020-06-26 22:29:10,828] multiqc                                            [DEBUG  ]  No samples found: bcl2fastq
[2020-06-26 22:29:10,832] multiqc                                            [DEBUG  ]  No samples found: interop
[2020-06-26 22:29:10,837] multiqc                                            [DEBUG  ]  No samples found: flash
[2020-06-26 22:29:10,851] multiqc                                            [INFO   ]  Compressing plot data
[2020-06-26 22:29:10,948] multiqc                                            [INFO   ]  Report      : fastqc/Multiqc/I1/multiqc_report.html
[2020-06-26 22:29:10,948] multiqc                                            [INFO   ]  Data        : fastqc/Multiqc/I1/multiqc_data
[2020-06-26 22:29:10,949] multiqc                                            [DEBUG  ]  Moving data file from '/tmp/tmp__p_f_fr/multiqc_data/mqc_fastqc_per_base_n_content_plot_1.txt' to 'fastqc/Multiqc/I1/multiqc_data'
[2020-06-26 22:29:10,952] multiqc                                            [DEBUG  ]  Moving data file from '/tmp/tmp__p_f_fr/multiqc_data/mqc_fastqc_per_base_sequence_quality_plot_1.txt' to 'fastqc/Multiqc/I1/multiqc_data'
[2020-06-26 22:29:10,955] multiqc                                            [DEBUG  ]  Moving data file from '/tmp/tmp__p_f_fr/multiqc_data/mqc_fastqc_sequence_duplication_levels_plot_1.txt' to 'fastqc/Multiqc/I1/multiqc_data'
[2020-06-26 22:29:10,957] multiqc                                            [DEBUG  ]  Moving data file from '/tmp/tmp__p_f_fr/multiqc_data/mqc_fastqc_per_sequence_gc_content_plot_Counts.txt' to 'fastqc/Multiqc/I1/multiqc_data'
[2020-06-26 22:29:10,960] multiqc                                            [DEBUG  ]  Moving data file from '/tmp/tmp__p_f_fr/multiqc_data/multiqc_sources.txt' to 'fastqc/Multiqc/I1/multiqc_data'
[2020-06-26 22:29:10,964] multiqc                                            [DEBUG  ]  Moving data file from '/tmp/tmp__p_f_fr/multiqc_data/multiqc_fastqc.txt' to 'fastqc/Multiqc/I1/multiqc_data'
[2020-06-26 22:29:10,968] multiqc                                            [DEBUG  ]  Moving data file from '/tmp/tmp__p_f_fr/multiqc_data/multiqc_general_stats.txt' to 'fastqc/Multiqc/I1/multiqc_data'
[2020-06-26 22:29:10,971] multiqc                                            [DEBUG  ]  Moving data file from '/tmp/tmp__p_f_fr/multiqc_data/mqc_fastqc_overrepresented_sequencesi_plot_1.txt' to 'fastqc/Multiqc/I1/multiqc_data'
[2020-06-26 22:29:10,975] multiqc                                            [DEBUG  ]  Moving data file from '/tmp/tmp__p_f_fr/multiqc_data/mqc_fastqc_per_sequence_gc_content_plot_Percentages.txt' to 'fastqc/Multiqc/I1/multiqc_data'
[2020-06-26 22:29:10,978] multiqc                                            [DEBUG  ]  Moving data file from '/tmp/tmp__p_f_fr/multiqc_data/mqc_fastqc_sequence_counts_plot_1.txt' to 'fastqc/Multiqc/I1/multiqc_data'
[2020-06-26 22:29:10,981] multiqc                                            [DEBUG  ]  Moving data file from '/tmp/tmp__p_f_fr/multiqc_data/mqc_fastqc_per_sequence_quality_scores_plot_1.txt' to 'fastqc/Multiqc/I1/multiqc_data'
[2020-06-26 22:29:10,984] multiqc                                            [DEBUG  ]  Moving data file from '/tmp/tmp__p_f_fr/multiqc_data/multiqc_data.json' to 'fastqc/Multiqc/I1/multiqc_data'
[2020-06-26 22:29:10,987] multiqc                                            [INFO   ]  Plots       : fastqc/Multiqc/I1/multiqc_plots
[2020-06-26 22:29:10,988] multiqc                                            [DEBUG  ]  Moving plots directory from '/tmp/tmp__p_f_fr/multiqc_plots/pdf' to 'fastqc/Multiqc/I1/multiqc_plots'
[2020-06-26 22:29:11,011] multiqc                                            [DEBUG  ]  Moving plots directory from '/tmp/tmp__p_f_fr/multiqc_plots/png' to 'fastqc/Multiqc/I1/multiqc_plots'
[2020-06-26 22:29:11,037] multiqc                                            [DEBUG  ]  Moving plots directory from '/tmp/tmp__p_f_fr/multiqc_plots/svg' to 'fastqc/Multiqc/I1/multiqc_plots'
[2020-06-26 22:29:11,215] multiqc                                            [INFO   ]  MultiQC complete
