[2020-07-08 13:43:18,764] multiqc                                            [DEBUG  ]  No MultiQC config found: /home/baller01/miniconda2/envs/py3.6/lib/python3.6/site-packages/multiqc_config.yaml
[2020-07-08 13:43:18,764] multiqc                                            [DEBUG  ]  No MultiQC config found: /Users/baller01/.multiqc_config.yaml
[2020-07-08 13:43:18,764] multiqc                                            [DEBUG  ]  No MultiQC config found: multiqc_config.yaml
[2020-07-08 13:43:18,765] multiqc                                            [DEBUG  ]  Command used: /Users/baller01/miniconda2/envs/py3.6/bin/multiqc --verbose --dirs --export --outdir fastqc/Multiqc/R2 fastqc/MantonBM1_HiSeq_1_S1_L007_R2_001_fastqc.zip fastqc/MantonBM1_HiSeq_1_S1_L008_R2_001_fastqc.zip fastqc/MantonBM1_HiSeq_2_S2_L007_R2_001_fastqc.zip fastqc/MantonBM1_HiSeq_2_S2_L008_R2_001_fastqc.zip fastqc/MantonBM1_HiSeq_3_S3_L007_R2_001_fastqc.zip fastqc/MantonBM1_HiSeq_3_S3_L008_R2_001_fastqc.zip fastqc/MantonBM1_HiSeq_4_S4_L007_R2_001_fastqc.zip fastqc/MantonBM1_HiSeq_4_S4_L008_R2_001_fastqc.zip fastqc/MantonBM1_HiSeq_5_S5_L007_R2_001_fastqc.zip fastqc/MantonBM1_HiSeq_5_S5_L008_R2_001_fastqc.zip fastqc/MantonBM1_HiSeq_6_S6_L007_R2_001_fastqc.zip fastqc/MantonBM1_HiSeq_6_S6_L008_R2_001_fastqc.zip fastqc/MantonBM1_HiSeq_7_S7_L007_R2_001_fastqc.zip fastqc/MantonBM1_HiSeq_7_S7_L008_R2_001_fastqc.zip fastqc/MantonBM1_HiSeq_8_S8_L007_R2_001_fastqc.zip fastqc/MantonBM1_HiSeq_8_S8_L008_R2_001_fastqc.zip fastqc/MantonBM2_HiSeq_1_S9_L005_R2_001_fastqc.zip fastqc/MantonBM2_HiSeq_1_S9_L006_R2_001_fastqc.zip fastqc/MantonBM2_HiSeq_2_S10_L005_R2_001_fastqc.zip fastqc/MantonBM2_HiSeq_2_S10_L006_R2_001_fastqc.zip fastqc/MantonBM2_HiSeq_3_S11_L005_R2_001_fastqc.zip fastqc/MantonBM2_HiSeq_3_S11_L006_R2_001_fastqc.zip fastqc/MantonBM2_HiSeq_4_S12_L005_R2_001_fastqc.zip fastqc/MantonBM2_HiSeq_4_S12_L006_R2_001_fastqc.zip fastqc/MantonBM2_HiSeq_5_S13_L005_R2_001_fastqc.zip fastqc/MantonBM2_HiSeq_5_S13_L006_R2_001_fastqc.zip fastqc/MantonBM2_HiSeq_6_S14_L005_R2_001_fastqc.zip fastqc/MantonBM2_HiSeq_6_S14_L006_R2_001_fastqc.zip fastqc/MantonBM2_HiSeq_7_S15_L005_R2_001_fastqc.zip fastqc/MantonBM2_HiSeq_7_S15_L006_R2_001_fastqc.zip fastqc/MantonBM2_HiSeq_8_S16_L005_R2_001_fastqc.zip fastqc/MantonBM2_HiSeq_8_S16_L006_R2_001_fastqc.zip fastqc/MantonBM3_HiSeq_1_S17_L003_R2_001_fastqc.zip fastqc/MantonBM3_HiSeq_1_S17_L004_R2_001_fastqc.zip fastqc/MantonBM3_HiSeq_2_S18_L003_R2_001_fastqc.zip fastqc/MantonBM3_HiSeq_2_S18_L004_R2_001_fastqc.zip fastqc/MantonBM3_HiSeq_3_S19_L003_R2_001_fastqc.zip fastqc/MantonBM3_HiSeq_3_S19_L004_R2_001_fastqc.zip fastqc/MantonBM3_HiSeq_4_S20_L003_R2_001_fastqc.zip fastqc/MantonBM3_HiSeq_4_S20_L004_R2_001_fastqc.zip fastqc/MantonBM3_HiSeq_5_S21_L003_R2_001_fastqc.zip fastqc/MantonBM3_HiSeq_5_S21_L004_R2_001_fastqc.zip fastqc/MantonBM3_HiSeq_6_S22_L003_R2_001_fastqc.zip fastqc/MantonBM3_HiSeq_6_S22_L004_R2_001_fastqc.zip fastqc/MantonBM3_HiSeq_7_S23_L003_R2_001_fastqc.zip fastqc/MantonBM3_HiSeq_7_S23_L004_R2_001_fastqc.zip fastqc/MantonBM3_HiSeq_8_S24_L003_R2_001_fastqc.zip fastqc/MantonBM3_HiSeq_8_S24_L004_R2_001_fastqc.zip fastqc/MantonBM4_HiSeq_1_S25_L001_R2_001_fastqc.zip fastqc/MantonBM4_HiSeq_1_S25_L002_R2_001_fastqc.zip fastqc/MantonBM4_HiSeq_2_S26_L001_R2_001_fastqc.zip fastqc/MantonBM4_HiSeq_2_S26_L002_R2_001_fastqc.zip fastqc/MantonBM4_HiSeq_3_S27_L001_R2_001_fastqc.zip fastqc/MantonBM4_HiSeq_3_S27_L002_R2_001_fastqc.zip fastqc/MantonBM4_HiSeq_4_S28_L001_R2_001_fastqc.zip fastqc/MantonBM4_HiSeq_4_S28_L002_R2_001_fastqc.zip fastqc/MantonBM4_HiSeq_5_S29_L001_R2_001_fastqc.zip fastqc/MantonBM4_HiSeq_5_S29_L002_R2_001_fastqc.zip fastqc/MantonBM4_HiSeq_6_S30_L001_R2_001_fastqc.zip fastqc/MantonBM4_HiSeq_6_S30_L002_R2_001_fastqc.zip fastqc/MantonBM4_HiSeq_7_S31_L001_R2_001_fastqc.zip fastqc/MantonBM4_HiSeq_7_S31_L002_R2_001_fastqc.zip fastqc/MantonBM4_HiSeq_8_S32_L001_R2_001_fastqc.zip fastqc/MantonBM4_HiSeq_8_S32_L002_R2_001_fastqc.zip fastqc/MantonBM5_HiSeq_1_S1_L001_R2_001_fastqc.zip fastqc/MantonBM5_HiSeq_1_S1_L002_R2_001_fastqc.zip fastqc/MantonBM5_HiSeq_2_S2_L001_R2_001_fastqc.zip fastqc/MantonBM5_HiSeq_2_S2_L002_R2_001_fastqc.zip fastqc/MantonBM5_HiSeq_3_S3_L001_R2_001_fastqc.zip fastqc/MantonBM5_HiSeq_3_S3_L002_R2_001_fastqc.zip fastqc/MantonBM5_HiSeq_4_S4_L001_R2_001_fastqc.zip fastqc/MantonBM5_HiSeq_4_S4_L002_R2_001_fastqc.zip fastqc/MantonBM5_HiSeq_5_S5_L001_R2_001_fastqc.zip fastqc/MantonBM5_HiSeq_5_S5_L002_R2_001_fastqc.zip fastqc/MantonBM5_HiSeq_6_S6_L001_R2_001_fastqc.zip fastqc/MantonBM5_HiSeq_6_S6_L002_R2_001_fastqc.zip fastqc/MantonBM5_HiSeq_7_S7_L001_R2_001_fastqc.zip fastqc/MantonBM5_HiSeq_7_S7_L002_R2_001_fastqc.zip fastqc/MantonBM5_HiSeq_8_S8_L001_R2_001_fastqc.zip fastqc/MantonBM5_HiSeq_8_S8_L002_R2_001_fastqc.zip fastqc/MantonBM6_HiSeq_1_S9_L003_R2_001_fastqc.zip fastqc/MantonBM6_HiSeq_1_S9_L004_R2_001_fastqc.zip fastqc/MantonBM6_HiSeq_2_S10_L003_R2_001_fastqc.zip fastqc/MantonBM6_HiSeq_2_S10_L004_R2_001_fastqc.zip fastqc/MantonBM6_HiSeq_4_S11_L003_R2_001_fastqc.zip fastqc/MantonBM6_HiSeq_4_S11_L004_R2_001_fastqc.zip fastqc/MantonBM6_HiSeq_5_S12_L003_R2_001_fastqc.zip fastqc/MantonBM6_HiSeq_5_S12_L004_R2_001_fastqc.zip fastqc/MantonBM6_HiSeq_6_S13_L003_R2_001_fastqc.zip fastqc/MantonBM6_HiSeq_6_S13_L004_R2_001_fastqc.zip fastqc/MantonBM6_HiSeq_7_S14_L003_R2_001_fastqc.zip fastqc/MantonBM6_HiSeq_7_S14_L004_R2_001_fastqc.zip fastqc/MantonBM6_HiSeq_8_S15_L003_R2_001_fastqc.zip fastqc/MantonBM6_HiSeq_8_S15_L004_R2_001_fastqc.zip fastqc/MantonBM7_HiSeq_1_S16_L005_R2_001_fastqc.zip fastqc/MantonBM7_HiSeq_1_S16_L006_R2_001_fastqc.zip fastqc/MantonBM7_HiSeq_2_S17_L005_R2_001_fastqc.zip fastqc/MantonBM7_HiSeq_2_S17_L006_R2_001_fastqc.zip fastqc/MantonBM7_HiSeq_3_S18_L005_R2_001_fastqc.zip fastqc/MantonBM7_HiSeq_3_S18_L006_R2_001_fastqc.zip fastqc/MantonBM7_HiSeq_4_S19_L005_R2_001_fastqc.zip fastqc/MantonBM7_HiSeq_4_S19_L006_R2_001_fastqc.zip fastqc/MantonBM7_HiSeq_5_S20_L005_R2_001_fastqc.zip fastqc/MantonBM7_HiSeq_5_S20_L006_R2_001_fastqc.zip fastqc/MantonBM7_HiSeq_6_S21_L005_R2_001_fastqc.zip fastqc/MantonBM7_HiSeq_6_S21_L006_R2_001_fastqc.zip fastqc/MantonBM7_HiSeq_7_S22_L005_R2_001_fastqc.zip fastqc/MantonBM7_HiSeq_7_S22_L006_R2_001_fastqc.zip fastqc/MantonBM7_HiSeq_8_S23_L005_R2_001_fastqc.zip fastqc/MantonBM7_HiSeq_8_S23_L006_R2_001_fastqc.zip fastqc/MantonBM8_HiSeq_1_S24_L007_R2_001_fastqc.zip fastqc/MantonBM8_HiSeq_1_S24_L008_R2_001_fastqc.zip fastqc/MantonBM8_HiSeq_2_S25_L007_R2_001_fastqc.zip fastqc/MantonBM8_HiSeq_2_S25_L008_R2_001_fastqc.zip fastqc/MantonBM8_HiSeq_3_S26_L007_R2_001_fastqc.zip fastqc/MantonBM8_HiSeq_3_S26_L008_R2_001_fastqc.zip fastqc/MantonBM8_HiSeq_4_S27_L007_R2_001_fastqc.zip fastqc/MantonBM8_HiSeq_4_S27_L008_R2_001_fastqc.zip fastqc/MantonBM8_HiSeq_5_S28_L007_R2_001_fastqc.zip fastqc/MantonBM8_HiSeq_5_S28_L008_R2_001_fastqc.zip fastqc/MantonBM8_HiSeq_6_S29_L007_R2_001_fastqc.zip fastqc/MantonBM8_HiSeq_6_S29_L008_R2_001_fastqc.zip fastqc/MantonBM8_HiSeq_7_S30_L007_R2_001_fastqc.zip fastqc/MantonBM8_HiSeq_7_S30_L008_R2_001_fastqc.zip fastqc/MantonBM8_HiSeq_8_S31_L007_R2_001_fastqc.zip fastqc/MantonBM8_HiSeq_8_S31_L008_R2_001_fastqc.zip
[2020-07-08 13:43:18,848] multiqc                                            [WARNING]  MultiQC Version v1.9 now available!
[2020-07-08 13:43:18,848] multiqc                                            [INFO   ]  This is MultiQC v1.7
[2020-07-08 13:43:18,848] multiqc                                            [DEBUG  ]  Command     : /Users/baller01/miniconda2/envs/py3.6/bin/multiqc --verbose --dirs --export --outdir fastqc/Multiqc/R2 fastqc/MantonBM1_HiSeq_1_S1_L007_R2_001_fastqc.zip fastqc/MantonBM1_HiSeq_1_S1_L008_R2_001_fastqc.zip fastqc/MantonBM1_HiSeq_2_S2_L007_R2_001_fastqc.zip fastqc/MantonBM1_HiSeq_2_S2_L008_R2_001_fastqc.zip fastqc/MantonBM1_HiSeq_3_S3_L007_R2_001_fastqc.zip fastqc/MantonBM1_HiSeq_3_S3_L008_R2_001_fastqc.zip fastqc/MantonBM1_HiSeq_4_S4_L007_R2_001_fastqc.zip fastqc/MantonBM1_HiSeq_4_S4_L008_R2_001_fastqc.zip fastqc/MantonBM1_HiSeq_5_S5_L007_R2_001_fastqc.zip fastqc/MantonBM1_HiSeq_5_S5_L008_R2_001_fastqc.zip fastqc/MantonBM1_HiSeq_6_S6_L007_R2_001_fastqc.zip fastqc/MantonBM1_HiSeq_6_S6_L008_R2_001_fastqc.zip fastqc/MantonBM1_HiSeq_7_S7_L007_R2_001_fastqc.zip fastqc/MantonBM1_HiSeq_7_S7_L008_R2_001_fastqc.zip fastqc/MantonBM1_HiSeq_8_S8_L007_R2_001_fastqc.zip fastqc/MantonBM1_HiSeq_8_S8_L008_R2_001_fastqc.zip fastqc/MantonBM2_HiSeq_1_S9_L005_R2_001_fastqc.zip fastqc/MantonBM2_HiSeq_1_S9_L006_R2_001_fastqc.zip fastqc/MantonBM2_HiSeq_2_S10_L005_R2_001_fastqc.zip fastqc/MantonBM2_HiSeq_2_S10_L006_R2_001_fastqc.zip fastqc/MantonBM2_HiSeq_3_S11_L005_R2_001_fastqc.zip fastqc/MantonBM2_HiSeq_3_S11_L006_R2_001_fastqc.zip fastqc/MantonBM2_HiSeq_4_S12_L005_R2_001_fastqc.zip fastqc/MantonBM2_HiSeq_4_S12_L006_R2_001_fastqc.zip fastqc/MantonBM2_HiSeq_5_S13_L005_R2_001_fastqc.zip fastqc/MantonBM2_HiSeq_5_S13_L006_R2_001_fastqc.zip fastqc/MantonBM2_HiSeq_6_S14_L005_R2_001_fastqc.zip fastqc/MantonBM2_HiSeq_6_S14_L006_R2_001_fastqc.zip fastqc/MantonBM2_HiSeq_7_S15_L005_R2_001_fastqc.zip fastqc/MantonBM2_HiSeq_7_S15_L006_R2_001_fastqc.zip fastqc/MantonBM2_HiSeq_8_S16_L005_R2_001_fastqc.zip fastqc/MantonBM2_HiSeq_8_S16_L006_R2_001_fastqc.zip fastqc/MantonBM3_HiSeq_1_S17_L003_R2_001_fastqc.zip fastqc/MantonBM3_HiSeq_1_S17_L004_R2_001_fastqc.zip fastqc/MantonBM3_HiSeq_2_S18_L003_R2_001_fastqc.zip fastqc/MantonBM3_HiSeq_2_S18_L004_R2_001_fastqc.zip fastqc/MantonBM3_HiSeq_3_S19_L003_R2_001_fastqc.zip fastqc/MantonBM3_HiSeq_3_S19_L004_R2_001_fastqc.zip fastqc/MantonBM3_HiSeq_4_S20_L003_R2_001_fastqc.zip fastqc/MantonBM3_HiSeq_4_S20_L004_R2_001_fastqc.zip fastqc/MantonBM3_HiSeq_5_S21_L003_R2_001_fastqc.zip fastqc/MantonBM3_HiSeq_5_S21_L004_R2_001_fastqc.zip fastqc/MantonBM3_HiSeq_6_S22_L003_R2_001_fastqc.zip fastqc/MantonBM3_HiSeq_6_S22_L004_R2_001_fastqc.zip fastqc/MantonBM3_HiSeq_7_S23_L003_R2_001_fastqc.zip fastqc/MantonBM3_HiSeq_7_S23_L004_R2_001_fastqc.zip fastqc/MantonBM3_HiSeq_8_S24_L003_R2_001_fastqc.zip fastqc/MantonBM3_HiSeq_8_S24_L004_R2_001_fastqc.zip fastqc/MantonBM4_HiSeq_1_S25_L001_R2_001_fastqc.zip fastqc/MantonBM4_HiSeq_1_S25_L002_R2_001_fastqc.zip fastqc/MantonBM4_HiSeq_2_S26_L001_R2_001_fastqc.zip fastqc/MantonBM4_HiSeq_2_S26_L002_R2_001_fastqc.zip fastqc/MantonBM4_HiSeq_3_S27_L001_R2_001_fastqc.zip fastqc/MantonBM4_HiSeq_3_S27_L002_R2_001_fastqc.zip fastqc/MantonBM4_HiSeq_4_S28_L001_R2_001_fastqc.zip fastqc/MantonBM4_HiSeq_4_S28_L002_R2_001_fastqc.zip fastqc/MantonBM4_HiSeq_5_S29_L001_R2_001_fastqc.zip fastqc/MantonBM4_HiSeq_5_S29_L002_R2_001_fastqc.zip fastqc/MantonBM4_HiSeq_6_S30_L001_R2_001_fastqc.zip fastqc/MantonBM4_HiSeq_6_S30_L002_R2_001_fastqc.zip fastqc/MantonBM4_HiSeq_7_S31_L001_R2_001_fastqc.zip fastqc/MantonBM4_HiSeq_7_S31_L002_R2_001_fastqc.zip fastqc/MantonBM4_HiSeq_8_S32_L001_R2_001_fastqc.zip fastqc/MantonBM4_HiSeq_8_S32_L002_R2_001_fastqc.zip fastqc/MantonBM5_HiSeq_1_S1_L001_R2_001_fastqc.zip fastqc/MantonBM5_HiSeq_1_S1_L002_R2_001_fastqc.zip fastqc/MantonBM5_HiSeq_2_S2_L001_R2_001_fastqc.zip fastqc/MantonBM5_HiSeq_2_S2_L002_R2_001_fastqc.zip fastqc/MantonBM5_HiSeq_3_S3_L001_R2_001_fastqc.zip fastqc/MantonBM5_HiSeq_3_S3_L002_R2_001_fastqc.zip fastqc/MantonBM5_HiSeq_4_S4_L001_R2_001_fastqc.zip fastqc/MantonBM5_HiSeq_4_S4_L002_R2_001_fastqc.zip fastqc/MantonBM5_HiSeq_5_S5_L001_R2_001_fastqc.zip fastqc/MantonBM5_HiSeq_5_S5_L002_R2_001_fastqc.zip fastqc/MantonBM5_HiSeq_6_S6_L001_R2_001_fastqc.zip fastqc/MantonBM5_HiSeq_6_S6_L002_R2_001_fastqc.zip fastqc/MantonBM5_HiSeq_7_S7_L001_R2_001_fastqc.zip fastqc/MantonBM5_HiSeq_7_S7_L002_R2_001_fastqc.zip fastqc/MantonBM5_HiSeq_8_S8_L001_R2_001_fastqc.zip fastqc/MantonBM5_HiSeq_8_S8_L002_R2_001_fastqc.zip fastqc/MantonBM6_HiSeq_1_S9_L003_R2_001_fastqc.zip fastqc/MantonBM6_HiSeq_1_S9_L004_R2_001_fastqc.zip fastqc/MantonBM6_HiSeq_2_S10_L003_R2_001_fastqc.zip fastqc/MantonBM6_HiSeq_2_S10_L004_R2_001_fastqc.zip fastqc/MantonBM6_HiSeq_4_S11_L003_R2_001_fastqc.zip fastqc/MantonBM6_HiSeq_4_S11_L004_R2_001_fastqc.zip fastqc/MantonBM6_HiSeq_5_S12_L003_R2_001_fastqc.zip fastqc/MantonBM6_HiSeq_5_S12_L004_R2_001_fastqc.zip fastqc/MantonBM6_HiSeq_6_S13_L003_R2_001_fastqc.zip fastqc/MantonBM6_HiSeq_6_S13_L004_R2_001_fastqc.zip fastqc/MantonBM6_HiSeq_7_S14_L003_R2_001_fastqc.zip fastqc/MantonBM6_HiSeq_7_S14_L004_R2_001_fastqc.zip fastqc/MantonBM6_HiSeq_8_S15_L003_R2_001_fastqc.zip fastqc/MantonBM6_HiSeq_8_S15_L004_R2_001_fastqc.zip fastqc/MantonBM7_HiSeq_1_S16_L005_R2_001_fastqc.zip fastqc/MantonBM7_HiSeq_1_S16_L006_R2_001_fastqc.zip fastqc/MantonBM7_HiSeq_2_S17_L005_R2_001_fastqc.zip fastqc/MantonBM7_HiSeq_2_S17_L006_R2_001_fastqc.zip fastqc/MantonBM7_HiSeq_3_S18_L005_R2_001_fastqc.zip fastqc/MantonBM7_HiSeq_3_S18_L006_R2_001_fastqc.zip fastqc/MantonBM7_HiSeq_4_S19_L005_R2_001_fastqc.zip fastqc/MantonBM7_HiSeq_4_S19_L006_R2_001_fastqc.zip fastqc/MantonBM7_HiSeq_5_S20_L005_R2_001_fastqc.zip fastqc/MantonBM7_HiSeq_5_S20_L006_R2_001_fastqc.zip fastqc/MantonBM7_HiSeq_6_S21_L005_R2_001_fastqc.zip fastqc/MantonBM7_HiSeq_6_S21_L006_R2_001_fastqc.zip fastqc/MantonBM7_HiSeq_7_S22_L005_R2_001_fastqc.zip fastqc/MantonBM7_HiSeq_7_S22_L006_R2_001_fastqc.zip fastqc/MantonBM7_HiSeq_8_S23_L005_R2_001_fastqc.zip fastqc/MantonBM7_HiSeq_8_S23_L006_R2_001_fastqc.zip fastqc/MantonBM8_HiSeq_1_S24_L007_R2_001_fastqc.zip fastqc/MantonBM8_HiSeq_1_S24_L008_R2_001_fastqc.zip fastqc/MantonBM8_HiSeq_2_S25_L007_R2_001_fastqc.zip fastqc/MantonBM8_HiSeq_2_S25_L008_R2_001_fastqc.zip fastqc/MantonBM8_HiSeq_3_S26_L007_R2_001_fastqc.zip fastqc/MantonBM8_HiSeq_3_S26_L008_R2_001_fastqc.zip fastqc/MantonBM8_HiSeq_4_S27_L007_R2_001_fastqc.zip fastqc/MantonBM8_HiSeq_4_S27_L008_R2_001_fastqc.zip fastqc/MantonBM8_HiSeq_5_S28_L007_R2_001_fastqc.zip fastqc/MantonBM8_HiSeq_5_S28_L008_R2_001_fastqc.zip fastqc/MantonBM8_HiSeq_6_S29_L007_R2_001_fastqc.zip fastqc/MantonBM8_HiSeq_6_S29_L008_R2_001_fastqc.zip fastqc/MantonBM8_HiSeq_7_S30_L007_R2_001_fastqc.zip fastqc/MantonBM8_HiSeq_7_S30_L008_R2_001_fastqc.zip fastqc/MantonBM8_HiSeq_8_S31_L007_R2_001_fastqc.zip fastqc/MantonBM8_HiSeq_8_S31_L008_R2_001_fastqc.zip
[2020-07-08 13:43:18,849] multiqc                                            [DEBUG  ]  Working dir : /mnt/scratchb/bioinformatics/baller01/20200511_FernandesM_ME_crukBiSs2020/Data/Hca
[2020-07-08 13:43:18,849] multiqc                                            [INFO   ]  Template    : default
[2020-07-08 13:43:18,849] multiqc                                            [INFO   ]  Prepending directory to sample names
[2020-07-08 13:43:18,849] multiqc                                            [INFO   ]  Searching 'fastqc/MantonBM1_HiSeq_1_S1_L007_R2_001_fastqc.zip'
[2020-07-08 13:43:18,849] multiqc                                            [INFO   ]  Searching 'fastqc/MantonBM1_HiSeq_1_S1_L008_R2_001_fastqc.zip'
[2020-07-08 13:43:18,849] multiqc                                            [INFO   ]  Searching 'fastqc/MantonBM1_HiSeq_2_S2_L007_R2_001_fastqc.zip'
[2020-07-08 13:43:18,849] multiqc                                            [INFO   ]  Searching 'fastqc/MantonBM1_HiSeq_2_S2_L008_R2_001_fastqc.zip'
[2020-07-08 13:43:18,850] multiqc                                            [INFO   ]  Searching 'fastqc/MantonBM1_HiSeq_3_S3_L007_R2_001_fastqc.zip'
[2020-07-08 13:43:18,850] multiqc                                            [INFO   ]  Searching 'fastqc/MantonBM1_HiSeq_3_S3_L008_R2_001_fastqc.zip'
[2020-07-08 13:43:18,850] multiqc                                            [INFO   ]  Searching 'fastqc/MantonBM1_HiSeq_4_S4_L007_R2_001_fastqc.zip'
[2020-07-08 13:43:18,850] multiqc                                            [INFO   ]  Searching 'fastqc/MantonBM1_HiSeq_4_S4_L008_R2_001_fastqc.zip'
[2020-07-08 13:43:18,850] multiqc                                            [INFO   ]  Searching 'fastqc/MantonBM1_HiSeq_5_S5_L007_R2_001_fastqc.zip'
[2020-07-08 13:43:18,850] multiqc                                            [INFO   ]  Searching 'fastqc/MantonBM1_HiSeq_5_S5_L008_R2_001_fastqc.zip'
[2020-07-08 13:43:18,850] multiqc                                            [INFO   ]  Searching 'fastqc/MantonBM1_HiSeq_6_S6_L007_R2_001_fastqc.zip'
[2020-07-08 13:43:18,850] multiqc                                            [INFO   ]  Searching 'fastqc/MantonBM1_HiSeq_6_S6_L008_R2_001_fastqc.zip'
[2020-07-08 13:43:18,850] multiqc                                            [INFO   ]  Searching 'fastqc/MantonBM1_HiSeq_7_S7_L007_R2_001_fastqc.zip'
[2020-07-08 13:43:18,851] multiqc                                            [INFO   ]  Searching 'fastqc/MantonBM1_HiSeq_7_S7_L008_R2_001_fastqc.zip'
[2020-07-08 13:43:18,851] multiqc                                            [INFO   ]  Searching 'fastqc/MantonBM1_HiSeq_8_S8_L007_R2_001_fastqc.zip'
[2020-07-08 13:43:18,851] multiqc                                            [INFO   ]  Searching 'fastqc/MantonBM1_HiSeq_8_S8_L008_R2_001_fastqc.zip'
[2020-07-08 13:43:18,851] multiqc                                            [INFO   ]  Searching 'fastqc/MantonBM2_HiSeq_1_S9_L005_R2_001_fastqc.zip'
[2020-07-08 13:43:18,851] multiqc                                            [INFO   ]  Searching 'fastqc/MantonBM2_HiSeq_1_S9_L006_R2_001_fastqc.zip'
[2020-07-08 13:43:18,851] multiqc                                            [INFO   ]  Searching 'fastqc/MantonBM2_HiSeq_2_S10_L005_R2_001_fastqc.zip'
[2020-07-08 13:43:18,851] multiqc                                            [INFO   ]  Searching 'fastqc/MantonBM2_HiSeq_2_S10_L006_R2_001_fastqc.zip'
[2020-07-08 13:43:18,851] multiqc                                            [INFO   ]  Searching 'fastqc/MantonBM2_HiSeq_3_S11_L005_R2_001_fastqc.zip'
[2020-07-08 13:43:18,851] multiqc                                            [INFO   ]  Searching 'fastqc/MantonBM2_HiSeq_3_S11_L006_R2_001_fastqc.zip'
[2020-07-08 13:43:18,852] multiqc                                            [INFO   ]  Searching 'fastqc/MantonBM2_HiSeq_4_S12_L005_R2_001_fastqc.zip'
[2020-07-08 13:43:18,852] multiqc                                            [INFO   ]  Searching 'fastqc/MantonBM2_HiSeq_4_S12_L006_R2_001_fastqc.zip'
[2020-07-08 13:43:18,852] multiqc                                            [INFO   ]  Searching 'fastqc/MantonBM2_HiSeq_5_S13_L005_R2_001_fastqc.zip'
[2020-07-08 13:43:18,852] multiqc                                            [INFO   ]  Searching 'fastqc/MantonBM2_HiSeq_5_S13_L006_R2_001_fastqc.zip'
[2020-07-08 13:43:18,852] multiqc                                            [INFO   ]  Searching 'fastqc/MantonBM2_HiSeq_6_S14_L005_R2_001_fastqc.zip'
[2020-07-08 13:43:18,852] multiqc                                            [INFO   ]  Searching 'fastqc/MantonBM2_HiSeq_6_S14_L006_R2_001_fastqc.zip'
[2020-07-08 13:43:18,852] multiqc                                            [INFO   ]  Searching 'fastqc/MantonBM2_HiSeq_7_S15_L005_R2_001_fastqc.zip'
[2020-07-08 13:43:18,852] multiqc                                            [INFO   ]  Searching 'fastqc/MantonBM2_HiSeq_7_S15_L006_R2_001_fastqc.zip'
[2020-07-08 13:43:18,853] multiqc                                            [INFO   ]  Searching 'fastqc/MantonBM2_HiSeq_8_S16_L005_R2_001_fastqc.zip'
[2020-07-08 13:43:18,853] multiqc                                            [INFO   ]  Searching 'fastqc/MantonBM2_HiSeq_8_S16_L006_R2_001_fastqc.zip'
[2020-07-08 13:43:18,853] multiqc                                            [INFO   ]  Searching 'fastqc/MantonBM3_HiSeq_1_S17_L003_R2_001_fastqc.zip'
[2020-07-08 13:43:18,853] multiqc                                            [INFO   ]  Searching 'fastqc/MantonBM3_HiSeq_1_S17_L004_R2_001_fastqc.zip'
[2020-07-08 13:43:18,853] multiqc                                            [INFO   ]  Searching 'fastqc/MantonBM3_HiSeq_2_S18_L003_R2_001_fastqc.zip'
[2020-07-08 13:43:18,853] multiqc                                            [INFO   ]  Searching 'fastqc/MantonBM3_HiSeq_2_S18_L004_R2_001_fastqc.zip'
[2020-07-08 13:43:18,853] multiqc                                            [INFO   ]  Searching 'fastqc/MantonBM3_HiSeq_3_S19_L003_R2_001_fastqc.zip'
[2020-07-08 13:43:18,853] multiqc                                            [INFO   ]  Searching 'fastqc/MantonBM3_HiSeq_3_S19_L004_R2_001_fastqc.zip'
[2020-07-08 13:43:18,853] multiqc                                            [INFO   ]  Searching 'fastqc/MantonBM3_HiSeq_4_S20_L003_R2_001_fastqc.zip'
[2020-07-08 13:43:18,854] multiqc                                            [INFO   ]  Searching 'fastqc/MantonBM3_HiSeq_4_S20_L004_R2_001_fastqc.zip'
[2020-07-08 13:43:18,854] multiqc                                            [INFO   ]  Searching 'fastqc/MantonBM3_HiSeq_5_S21_L003_R2_001_fastqc.zip'
[2020-07-08 13:43:18,854] multiqc                                            [INFO   ]  Searching 'fastqc/MantonBM3_HiSeq_5_S21_L004_R2_001_fastqc.zip'
[2020-07-08 13:43:18,854] multiqc                                            [INFO   ]  Searching 'fastqc/MantonBM3_HiSeq_6_S22_L003_R2_001_fastqc.zip'
[2020-07-08 13:43:18,854] multiqc                                            [INFO   ]  Searching 'fastqc/MantonBM3_HiSeq_6_S22_L004_R2_001_fastqc.zip'
[2020-07-08 13:43:18,854] multiqc                                            [INFO   ]  Searching 'fastqc/MantonBM3_HiSeq_7_S23_L003_R2_001_fastqc.zip'
[2020-07-08 13:43:18,854] multiqc                                            [INFO   ]  Searching 'fastqc/MantonBM3_HiSeq_7_S23_L004_R2_001_fastqc.zip'
[2020-07-08 13:43:18,854] multiqc                                            [INFO   ]  Searching 'fastqc/MantonBM3_HiSeq_8_S24_L003_R2_001_fastqc.zip'
[2020-07-08 13:43:18,854] multiqc                                            [INFO   ]  Searching 'fastqc/MantonBM3_HiSeq_8_S24_L004_R2_001_fastqc.zip'
[2020-07-08 13:43:18,855] multiqc                                            [INFO   ]  Searching 'fastqc/MantonBM4_HiSeq_1_S25_L001_R2_001_fastqc.zip'
[2020-07-08 13:43:18,855] multiqc                                            [INFO   ]  Searching 'fastqc/MantonBM4_HiSeq_1_S25_L002_R2_001_fastqc.zip'
[2020-07-08 13:43:18,855] multiqc                                            [INFO   ]  Searching 'fastqc/MantonBM4_HiSeq_2_S26_L001_R2_001_fastqc.zip'
[2020-07-08 13:43:18,855] multiqc                                            [INFO   ]  Searching 'fastqc/MantonBM4_HiSeq_2_S26_L002_R2_001_fastqc.zip'
[2020-07-08 13:43:18,855] multiqc                                            [INFO   ]  Searching 'fastqc/MantonBM4_HiSeq_3_S27_L001_R2_001_fastqc.zip'
[2020-07-08 13:43:18,855] multiqc                                            [INFO   ]  Searching 'fastqc/MantonBM4_HiSeq_3_S27_L002_R2_001_fastqc.zip'
[2020-07-08 13:43:18,855] multiqc                                            [INFO   ]  Searching 'fastqc/MantonBM4_HiSeq_4_S28_L001_R2_001_fastqc.zip'
[2020-07-08 13:43:18,855] multiqc                                            [INFO   ]  Searching 'fastqc/MantonBM4_HiSeq_4_S28_L002_R2_001_fastqc.zip'
[2020-07-08 13:43:18,855] multiqc                                            [INFO   ]  Searching 'fastqc/MantonBM4_HiSeq_5_S29_L001_R2_001_fastqc.zip'
[2020-07-08 13:43:18,856] multiqc                                            [INFO   ]  Searching 'fastqc/MantonBM4_HiSeq_5_S29_L002_R2_001_fastqc.zip'
[2020-07-08 13:43:18,856] multiqc                                            [INFO   ]  Searching 'fastqc/MantonBM4_HiSeq_6_S30_L001_R2_001_fastqc.zip'
[2020-07-08 13:43:18,856] multiqc                                            [INFO   ]  Searching 'fastqc/MantonBM4_HiSeq_6_S30_L002_R2_001_fastqc.zip'
[2020-07-08 13:43:18,856] multiqc                                            [INFO   ]  Searching 'fastqc/MantonBM4_HiSeq_7_S31_L001_R2_001_fastqc.zip'
[2020-07-08 13:43:18,856] multiqc                                            [INFO   ]  Searching 'fastqc/MantonBM4_HiSeq_7_S31_L002_R2_001_fastqc.zip'
[2020-07-08 13:43:18,856] multiqc                                            [INFO   ]  Searching 'fastqc/MantonBM4_HiSeq_8_S32_L001_R2_001_fastqc.zip'
[2020-07-08 13:43:18,856] multiqc                                            [INFO   ]  Searching 'fastqc/MantonBM4_HiSeq_8_S32_L002_R2_001_fastqc.zip'
[2020-07-08 13:43:18,856] multiqc                                            [INFO   ]  Searching 'fastqc/MantonBM5_HiSeq_1_S1_L001_R2_001_fastqc.zip'
[2020-07-08 13:43:18,856] multiqc                                            [INFO   ]  Searching 'fastqc/MantonBM5_HiSeq_1_S1_L002_R2_001_fastqc.zip'
[2020-07-08 13:43:18,857] multiqc                                            [INFO   ]  Searching 'fastqc/MantonBM5_HiSeq_2_S2_L001_R2_001_fastqc.zip'
[2020-07-08 13:43:18,857] multiqc                                            [INFO   ]  Searching 'fastqc/MantonBM5_HiSeq_2_S2_L002_R2_001_fastqc.zip'
[2020-07-08 13:43:18,857] multiqc                                            [INFO   ]  Searching 'fastqc/MantonBM5_HiSeq_3_S3_L001_R2_001_fastqc.zip'
[2020-07-08 13:43:18,857] multiqc                                            [INFO   ]  Searching 'fastqc/MantonBM5_HiSeq_3_S3_L002_R2_001_fastqc.zip'
[2020-07-08 13:43:18,857] multiqc                                            [INFO   ]  Searching 'fastqc/MantonBM5_HiSeq_4_S4_L001_R2_001_fastqc.zip'
[2020-07-08 13:43:18,857] multiqc                                            [INFO   ]  Searching 'fastqc/MantonBM5_HiSeq_4_S4_L002_R2_001_fastqc.zip'
[2020-07-08 13:43:18,857] multiqc                                            [INFO   ]  Searching 'fastqc/MantonBM5_HiSeq_5_S5_L001_R2_001_fastqc.zip'
[2020-07-08 13:43:18,857] multiqc                                            [INFO   ]  Searching 'fastqc/MantonBM5_HiSeq_5_S5_L002_R2_001_fastqc.zip'
[2020-07-08 13:43:18,857] multiqc                                            [INFO   ]  Searching 'fastqc/MantonBM5_HiSeq_6_S6_L001_R2_001_fastqc.zip'
[2020-07-08 13:43:18,857] multiqc                                            [INFO   ]  Searching 'fastqc/MantonBM5_HiSeq_6_S6_L002_R2_001_fastqc.zip'
[2020-07-08 13:43:18,858] multiqc                                            [INFO   ]  Searching 'fastqc/MantonBM5_HiSeq_7_S7_L001_R2_001_fastqc.zip'
[2020-07-08 13:43:18,858] multiqc                                            [INFO   ]  Searching 'fastqc/MantonBM5_HiSeq_7_S7_L002_R2_001_fastqc.zip'
[2020-07-08 13:43:18,858] multiqc                                            [INFO   ]  Searching 'fastqc/MantonBM5_HiSeq_8_S8_L001_R2_001_fastqc.zip'
[2020-07-08 13:43:18,858] multiqc                                            [INFO   ]  Searching 'fastqc/MantonBM5_HiSeq_8_S8_L002_R2_001_fastqc.zip'
[2020-07-08 13:43:18,858] multiqc                                            [INFO   ]  Searching 'fastqc/MantonBM6_HiSeq_1_S9_L003_R2_001_fastqc.zip'
[2020-07-08 13:43:18,858] multiqc                                            [INFO   ]  Searching 'fastqc/MantonBM6_HiSeq_1_S9_L004_R2_001_fastqc.zip'
[2020-07-08 13:43:18,858] multiqc                                            [INFO   ]  Searching 'fastqc/MantonBM6_HiSeq_2_S10_L003_R2_001_fastqc.zip'
[2020-07-08 13:43:18,858] multiqc                                            [INFO   ]  Searching 'fastqc/MantonBM6_HiSeq_2_S10_L004_R2_001_fastqc.zip'
[2020-07-08 13:43:18,858] multiqc                                            [INFO   ]  Searching 'fastqc/MantonBM6_HiSeq_4_S11_L003_R2_001_fastqc.zip'
[2020-07-08 13:43:18,859] multiqc                                            [INFO   ]  Searching 'fastqc/MantonBM6_HiSeq_4_S11_L004_R2_001_fastqc.zip'
[2020-07-08 13:43:18,859] multiqc                                            [INFO   ]  Searching 'fastqc/MantonBM6_HiSeq_5_S12_L003_R2_001_fastqc.zip'
[2020-07-08 13:43:18,859] multiqc                                            [INFO   ]  Searching 'fastqc/MantonBM6_HiSeq_5_S12_L004_R2_001_fastqc.zip'
[2020-07-08 13:43:18,859] multiqc                                            [INFO   ]  Searching 'fastqc/MantonBM6_HiSeq_6_S13_L003_R2_001_fastqc.zip'
[2020-07-08 13:43:18,859] multiqc                                            [INFO   ]  Searching 'fastqc/MantonBM6_HiSeq_6_S13_L004_R2_001_fastqc.zip'
[2020-07-08 13:43:18,859] multiqc                                            [INFO   ]  Searching 'fastqc/MantonBM6_HiSeq_7_S14_L003_R2_001_fastqc.zip'
[2020-07-08 13:43:18,859] multiqc                                            [INFO   ]  Searching 'fastqc/MantonBM6_HiSeq_7_S14_L004_R2_001_fastqc.zip'
[2020-07-08 13:43:18,859] multiqc                                            [INFO   ]  Searching 'fastqc/MantonBM6_HiSeq_8_S15_L003_R2_001_fastqc.zip'
[2020-07-08 13:43:18,859] multiqc                                            [INFO   ]  Searching 'fastqc/MantonBM6_HiSeq_8_S15_L004_R2_001_fastqc.zip'
[2020-07-08 13:43:18,859] multiqc                                            [INFO   ]  Searching 'fastqc/MantonBM7_HiSeq_1_S16_L005_R2_001_fastqc.zip'
[2020-07-08 13:43:18,860] multiqc                                            [INFO   ]  Searching 'fastqc/MantonBM7_HiSeq_1_S16_L006_R2_001_fastqc.zip'
[2020-07-08 13:43:18,860] multiqc                                            [INFO   ]  Searching 'fastqc/MantonBM7_HiSeq_2_S17_L005_R2_001_fastqc.zip'
[2020-07-08 13:43:18,860] multiqc                                            [INFO   ]  Searching 'fastqc/MantonBM7_HiSeq_2_S17_L006_R2_001_fastqc.zip'
[2020-07-08 13:43:18,860] multiqc                                            [INFO   ]  Searching 'fastqc/MantonBM7_HiSeq_3_S18_L005_R2_001_fastqc.zip'
[2020-07-08 13:43:18,860] multiqc                                            [INFO   ]  Searching 'fastqc/MantonBM7_HiSeq_3_S18_L006_R2_001_fastqc.zip'
[2020-07-08 13:43:18,860] multiqc                                            [INFO   ]  Searching 'fastqc/MantonBM7_HiSeq_4_S19_L005_R2_001_fastqc.zip'
[2020-07-08 13:43:18,860] multiqc                                            [INFO   ]  Searching 'fastqc/MantonBM7_HiSeq_4_S19_L006_R2_001_fastqc.zip'
[2020-07-08 13:43:18,860] multiqc                                            [INFO   ]  Searching 'fastqc/MantonBM7_HiSeq_5_S20_L005_R2_001_fastqc.zip'
[2020-07-08 13:43:18,860] multiqc                                            [INFO   ]  Searching 'fastqc/MantonBM7_HiSeq_5_S20_L006_R2_001_fastqc.zip'
[2020-07-08 13:43:18,861] multiqc                                            [INFO   ]  Searching 'fastqc/MantonBM7_HiSeq_6_S21_L005_R2_001_fastqc.zip'
[2020-07-08 13:43:18,861] multiqc                                            [INFO   ]  Searching 'fastqc/MantonBM7_HiSeq_6_S21_L006_R2_001_fastqc.zip'
[2020-07-08 13:43:18,861] multiqc                                            [INFO   ]  Searching 'fastqc/MantonBM7_HiSeq_7_S22_L005_R2_001_fastqc.zip'
[2020-07-08 13:43:18,861] multiqc                                            [INFO   ]  Searching 'fastqc/MantonBM7_HiSeq_7_S22_L006_R2_001_fastqc.zip'
[2020-07-08 13:43:18,861] multiqc                                            [INFO   ]  Searching 'fastqc/MantonBM7_HiSeq_8_S23_L005_R2_001_fastqc.zip'
[2020-07-08 13:43:18,861] multiqc                                            [INFO   ]  Searching 'fastqc/MantonBM7_HiSeq_8_S23_L006_R2_001_fastqc.zip'
[2020-07-08 13:43:18,861] multiqc                                            [INFO   ]  Searching 'fastqc/MantonBM8_HiSeq_1_S24_L007_R2_001_fastqc.zip'
[2020-07-08 13:43:18,861] multiqc                                            [INFO   ]  Searching 'fastqc/MantonBM8_HiSeq_1_S24_L008_R2_001_fastqc.zip'
[2020-07-08 13:43:18,861] multiqc                                            [INFO   ]  Searching 'fastqc/MantonBM8_HiSeq_2_S25_L007_R2_001_fastqc.zip'
[2020-07-08 13:43:18,861] multiqc                                            [INFO   ]  Searching 'fastqc/MantonBM8_HiSeq_2_S25_L008_R2_001_fastqc.zip'
[2020-07-08 13:43:18,862] multiqc                                            [INFO   ]  Searching 'fastqc/MantonBM8_HiSeq_3_S26_L007_R2_001_fastqc.zip'
[2020-07-08 13:43:18,862] multiqc                                            [INFO   ]  Searching 'fastqc/MantonBM8_HiSeq_3_S26_L008_R2_001_fastqc.zip'
[2020-07-08 13:43:18,862] multiqc                                            [INFO   ]  Searching 'fastqc/MantonBM8_HiSeq_4_S27_L007_R2_001_fastqc.zip'
[2020-07-08 13:43:18,862] multiqc                                            [INFO   ]  Searching 'fastqc/MantonBM8_HiSeq_4_S27_L008_R2_001_fastqc.zip'
[2020-07-08 13:43:18,862] multiqc                                            [INFO   ]  Searching 'fastqc/MantonBM8_HiSeq_5_S28_L007_R2_001_fastqc.zip'
[2020-07-08 13:43:18,862] multiqc                                            [INFO   ]  Searching 'fastqc/MantonBM8_HiSeq_5_S28_L008_R2_001_fastqc.zip'
[2020-07-08 13:43:18,862] multiqc                                            [INFO   ]  Searching 'fastqc/MantonBM8_HiSeq_6_S29_L007_R2_001_fastqc.zip'
[2020-07-08 13:43:18,862] multiqc                                            [INFO   ]  Searching 'fastqc/MantonBM8_HiSeq_6_S29_L008_R2_001_fastqc.zip'
[2020-07-08 13:43:18,862] multiqc                                            [INFO   ]  Searching 'fastqc/MantonBM8_HiSeq_7_S30_L007_R2_001_fastqc.zip'
[2020-07-08 13:43:18,863] multiqc                                            [INFO   ]  Searching 'fastqc/MantonBM8_HiSeq_7_S30_L008_R2_001_fastqc.zip'
[2020-07-08 13:43:18,863] multiqc                                            [INFO   ]  Searching 'fastqc/MantonBM8_HiSeq_8_S31_L007_R2_001_fastqc.zip'
[2020-07-08 13:43:18,863] multiqc                                            [INFO   ]  Searching 'fastqc/MantonBM8_HiSeq_8_S31_L008_R2_001_fastqc.zip'
[2020-07-08 13:43:18,863] multiqc                                            [DEBUG  ]  Analysing modules: custom_content, conpair, peddy, methylQA, phantompeakqualtools, qualimap, preseq, quast, qorts, rna_seqc, rsem, rseqc, busco, goleft_indexcov, disambiguate, supernova, deeptools, sargasso, verifybamid, mirtrace, happy, homer, macs2, theta2, snpeff, gatk, htseq, bcftools, featureCounts, dedup, damageprofiler, picard, prokka, samblaster, samtools, bamtools, jellyfish, vcftools, longranger, stacks, bbmap, bismark, biscuit, hicexplorer, hicup, hicpro, salmon, kallisto, slamdunk, star, hisat2, tophat, bowtie2, bowtie1, kat, leehom, adapterRemoval, clipandmerge, cutadapt, flexbar, trimmomatic, skewer, sortmerna, biobloomtools, fastq_screen, afterqc, fastp, fastqc, minionqc, clusterflow, bcl2fastq, interop, flash
[2020-07-08 13:43:18,864] multiqc                                            [DEBUG  ]  Using temporary directory for creating report: /tmp/tmpalk0m1k1
[2020-07-08 13:43:19,369] multiqc                                            [DEBUG  ]  No samples found: custom_content
[2020-07-08 13:43:19,374] multiqc                                            [DEBUG  ]  No samples found: conpair
[2020-07-08 13:43:19,378] multiqc                                            [DEBUG  ]  No samples found: peddy
[2020-07-08 13:43:19,383] multiqc                                            [DEBUG  ]  No samples found: methylQA
[2020-07-08 13:43:19,387] multiqc                                            [DEBUG  ]  No samples found: phantompeakqualtools
[2020-07-08 13:43:19,393] multiqc                                            [DEBUG  ]  No samples found: qualimap
[2020-07-08 13:43:19,397] multiqc                                            [DEBUG  ]  No samples found: preseq
[2020-07-08 13:43:19,402] multiqc                                            [DEBUG  ]  No samples found: quast
[2020-07-08 13:43:19,406] multiqc                                            [DEBUG  ]  No samples found: qorts
[2020-07-08 13:43:19,410] multiqc                                            [DEBUG  ]  No samples found: rna_seqc
[2020-07-08 13:43:19,413] multiqc                                            [DEBUG  ]  No samples found: rsem
[2020-07-08 13:43:19,422] multiqc                                            [DEBUG  ]  No samples found: rseqc
[2020-07-08 13:43:19,426] multiqc                                            [DEBUG  ]  No samples found: busco
[2020-07-08 13:43:19,430] multiqc                                            [DEBUG  ]  No samples found: goleft_indexcov
[2020-07-08 13:43:19,434] multiqc                                            [DEBUG  ]  No samples found: disambiguate
[2020-07-08 13:43:19,437] multiqc                                            [DEBUG  ]  No samples found: supernova
[2020-07-08 13:43:19,446] multiqc                                            [DEBUG  ]  No samples found: deeptools
[2020-07-08 13:43:19,449] multiqc                                            [DEBUG  ]  No samples found: sargasso
[2020-07-08 13:43:19,453] multiqc                                            [DEBUG  ]  No samples found: verifybamid
[2020-07-08 13:43:19,457] multiqc                                            [DEBUG  ]  No samples found: mirtrace
[2020-07-08 13:43:19,462] multiqc                                            [DEBUG  ]  No samples found: happy
[2020-07-08 13:43:19,466] multiqc                                            [DEBUG  ]  No samples found: homer
[2020-07-08 13:43:19,470] multiqc                                            [DEBUG  ]  No samples found: macs2
[2020-07-08 13:43:19,474] multiqc                                            [DEBUG  ]  No samples found: theta2
[2020-07-08 13:43:19,477] multiqc                                            [DEBUG  ]  No samples found: snpeff
[2020-07-08 13:43:19,482] multiqc                                            [DEBUG  ]  No samples found: gatk
[2020-07-08 13:43:19,486] multiqc                                            [DEBUG  ]  No samples found: htseq
[2020-07-08 13:43:19,490] multiqc                                            [DEBUG  ]  No samples found: bcftools
[2020-07-08 13:43:19,494] multiqc                                            [DEBUG  ]  No samples found: featureCounts
[2020-07-08 13:43:19,497] multiqc                                            [DEBUG  ]  No samples found: dedup
[2020-07-08 13:43:19,501] multiqc                                            [DEBUG  ]  No samples found: damageprofiler
[2020-07-08 13:43:19,510] multiqc                                            [DEBUG  ]  No samples found: picard
[2020-07-08 13:43:19,514] multiqc                                            [DEBUG  ]  No samples found: prokka
[2020-07-08 13:43:19,517] multiqc                                            [DEBUG  ]  No samples found: samblaster
[2020-07-08 13:43:19,522] multiqc                                            [DEBUG  ]  No samples found: samtools
[2020-07-08 13:43:19,526] multiqc                                            [DEBUG  ]  No samples found: bamtools
[2020-07-08 13:43:19,529] multiqc                                            [DEBUG  ]  No samples found: jellyfish
[2020-07-08 13:43:19,534] multiqc                                            [DEBUG  ]  No samples found: vcftools
[2020-07-08 13:43:19,538] multiqc                                            [DEBUG  ]  No samples found: longranger
[2020-07-08 13:43:19,541] multiqc                                            [DEBUG  ]  No samples found: stacks
[2020-07-08 13:43:19,550] multiqc                                            [DEBUG  ]  No samples found: bbmap
[2020-07-08 13:43:19,553] multiqc                                            [DEBUG  ]  No samples found: bismark
[2020-07-08 13:43:19,557] multiqc                                            [DEBUG  ]  No samples found: biscuit
[2020-07-08 13:43:19,560] multiqc                                            [DEBUG  ]  No samples found: hicexplorer
[2020-07-08 13:43:19,564] multiqc                                            [DEBUG  ]  No samples found: hicup
[2020-07-08 13:43:19,567] multiqc                                            [DEBUG  ]  No samples found: hicpro
[2020-07-08 13:43:19,570] multiqc                                            [DEBUG  ]  No samples found: salmon
[2020-07-08 13:43:19,573] multiqc                                            [DEBUG  ]  No samples found: kallisto
[2020-07-08 13:43:19,577] multiqc                                            [DEBUG  ]  No samples found: slamdunk
[2020-07-08 13:43:19,581] multiqc                                            [DEBUG  ]  No samples found: star
[2020-07-08 13:43:19,584] multiqc                                            [DEBUG  ]  No samples found: hisat2
[2020-07-08 13:43:19,587] multiqc                                            [DEBUG  ]  No samples found: tophat
[2020-07-08 13:43:19,591] multiqc                                            [DEBUG  ]  No samples found: bowtie2
[2020-07-08 13:43:19,595] multiqc                                            [DEBUG  ]  No samples found: bowtie1
[2020-07-08 13:43:19,598] multiqc                                            [DEBUG  ]  No samples found: kat
[2020-07-08 13:43:19,601] multiqc                                            [DEBUG  ]  No samples found: leehom
[2020-07-08 13:43:19,604] multiqc                                            [DEBUG  ]  No samples found: adapterRemoval
[2020-07-08 13:43:19,607] multiqc                                            [DEBUG  ]  No samples found: clipandmerge
[2020-07-08 13:43:19,610] multiqc                                            [DEBUG  ]  No samples found: cutadapt
[2020-07-08 13:43:19,613] multiqc                                            [DEBUG  ]  No samples found: flexbar
[2020-07-08 13:43:19,617] multiqc                                            [DEBUG  ]  No samples found: trimmomatic
[2020-07-08 13:43:19,620] multiqc                                            [DEBUG  ]  No samples found: skewer
[2020-07-08 13:43:19,623] multiqc                                            [DEBUG  ]  No samples found: sortmerna
[2020-07-08 13:43:19,627] multiqc                                            [DEBUG  ]  No samples found: biobloomtools
[2020-07-08 13:43:19,630] multiqc                                            [DEBUG  ]  No samples found: fastq_screen
[2020-07-08 13:43:19,633] multiqc                                            [DEBUG  ]  No samples found: afterqc
[2020-07-08 13:43:19,637] multiqc                                            [DEBUG  ]  No samples found: fastp
[2020-07-08 13:43:28,473] multiqc.modules.fastqc.fastqc                      [INFO   ]  Found 126 reports
[2020-07-08 13:43:59,593] multiqc                                            [DEBUG  ]  No samples found: minionqc
[2020-07-08 13:43:59,601] multiqc                                            [DEBUG  ]  No samples found: clusterflow
[2020-07-08 13:43:59,608] multiqc                                            [DEBUG  ]  No samples found: bcl2fastq
[2020-07-08 13:43:59,711] multiqc                                            [DEBUG  ]  No samples found: interop
[2020-07-08 13:43:59,716] multiqc                                            [DEBUG  ]  No samples found: flash
[2020-07-08 13:43:59,911] multiqc                                            [INFO   ]  Compressing plot data
[2020-07-08 13:43:59,922] multiqc                                            [INFO   ]  Report      : fastqc/Multiqc/R2/multiqc_report.html
[2020-07-08 13:43:59,922] multiqc                                            [INFO   ]  Data        : fastqc/Multiqc/R2/multiqc_data
[2020-07-08 13:43:59,923] multiqc                                            [DEBUG  ]  Moving data file from '/tmp/tmpalk0m1k1/multiqc_data/mqc_fastqc_per_base_n_content_plot_1.txt' to 'fastqc/Multiqc/R2/multiqc_data'
[2020-07-08 13:43:59,928] multiqc                                            [DEBUG  ]  Moving data file from '/tmp/tmpalk0m1k1/multiqc_data/mqc_fastqc_per_base_sequence_quality_plot_1.txt' to 'fastqc/Multiqc/R2/multiqc_data'
[2020-07-08 13:43:59,931] multiqc                                            [DEBUG  ]  Moving data file from '/tmp/tmpalk0m1k1/multiqc_data/mqc_fastqc_sequence_duplication_levels_plot_1.txt' to 'fastqc/Multiqc/R2/multiqc_data'
[2020-07-08 13:43:59,935] multiqc                                            [DEBUG  ]  Moving data file from '/tmp/tmpalk0m1k1/multiqc_data/mqc_fastqc_per_sequence_gc_content_plot_Counts.txt' to 'fastqc/Multiqc/R2/multiqc_data'
[2020-07-08 13:43:59,938] multiqc                                            [DEBUG  ]  Moving data file from '/tmp/tmpalk0m1k1/multiqc_data/multiqc_sources.txt' to 'fastqc/Multiqc/R2/multiqc_data'
[2020-07-08 13:43:59,941] multiqc                                            [DEBUG  ]  Moving data file from '/tmp/tmpalk0m1k1/multiqc_data/multiqc_fastqc.txt' to 'fastqc/Multiqc/R2/multiqc_data'
[2020-07-08 13:43:59,943] multiqc                                            [DEBUG  ]  Moving data file from '/tmp/tmpalk0m1k1/multiqc_data/multiqc_general_stats.txt' to 'fastqc/Multiqc/R2/multiqc_data'
[2020-07-08 13:43:59,946] multiqc                                            [DEBUG  ]  Moving data file from '/tmp/tmpalk0m1k1/multiqc_data/mqc_fastqc_adapter_content_plot_1.txt' to 'fastqc/Multiqc/R2/multiqc_data'
[2020-07-08 13:43:59,950] multiqc                                            [DEBUG  ]  Moving data file from '/tmp/tmpalk0m1k1/multiqc_data/mqc_fastqc_overrepresented_sequencesi_plot_1.txt' to 'fastqc/Multiqc/R2/multiqc_data'
[2020-07-08 13:43:59,953] multiqc                                            [DEBUG  ]  Moving data file from '/tmp/tmpalk0m1k1/multiqc_data/mqc_fastqc_per_sequence_gc_content_plot_Percentages.txt' to 'fastqc/Multiqc/R2/multiqc_data'
[2020-07-08 13:43:59,958] multiqc                                            [DEBUG  ]  Moving data file from '/tmp/tmpalk0m1k1/multiqc_data/mqc_fastqc_sequence_counts_plot_1.txt' to 'fastqc/Multiqc/R2/multiqc_data'
[2020-07-08 13:43:59,960] multiqc                                            [DEBUG  ]  Moving data file from '/tmp/tmpalk0m1k1/multiqc_data/mqc_fastqc_per_sequence_quality_scores_plot_1.txt' to 'fastqc/Multiqc/R2/multiqc_data'
[2020-07-08 13:43:59,964] multiqc                                            [DEBUG  ]  Moving data file from '/tmp/tmpalk0m1k1/multiqc_data/multiqc_data.json' to 'fastqc/Multiqc/R2/multiqc_data'
[2020-07-08 13:43:59,968] multiqc                                            [INFO   ]  Plots       : fastqc/Multiqc/R2/multiqc_plots
[2020-07-08 13:43:59,968] multiqc                                            [DEBUG  ]  Moving plots directory from '/tmp/tmpalk0m1k1/multiqc_plots/pdf' to 'fastqc/Multiqc/R2/multiqc_plots'
[2020-07-08 13:44:00,000] multiqc                                            [DEBUG  ]  Moving plots directory from '/tmp/tmpalk0m1k1/multiqc_plots/png' to 'fastqc/Multiqc/R2/multiqc_plots'
[2020-07-08 13:44:00,035] multiqc                                            [DEBUG  ]  Moving plots directory from '/tmp/tmpalk0m1k1/multiqc_plots/svg' to 'fastqc/Multiqc/R2/multiqc_plots'
[2020-07-08 13:44:00,258] multiqc                                            [INFO   ]  MultiQC complete
