[2020-07-07 15:03:42,368] multiqc                                            [DEBUG  ]  No MultiQC config found: /home/baller01/miniconda2/envs/py3.6/lib/python3.6/site-packages/multiqc_config.yaml
[2020-07-07 15:03:42,368] multiqc                                            [DEBUG  ]  No MultiQC config found: /home/baller01/.multiqc_config.yaml
[2020-07-07 15:03:42,369] multiqc                                            [DEBUG  ]  No MultiQC config found: multiqc_config.yaml
[2020-07-07 15:03:42,369] multiqc                                            [DEBUG  ]  Command used: /Users/baller01/miniconda2/envs/py3.6/bin/multiqc --verbose --dirs --export --outdir fastqc/Multiqc/I1 fastqc/SRR9264343_S0_L001_I1_001_fastqc.zip fastqc/SRR9264344_S0_L001_I1_001_fastqc.zip fastqc/SRR9264345_S0_L001_I1_001_fastqc.zip fastqc/SRR9264346_S0_L001_I1_001_fastqc.zip fastqc/SRR9264347_S0_L001_I1_001_fastqc.zip fastqc/SRR9264348_S0_L001_I1_001_fastqc.zip fastqc/SRR9264349_S0_L001_I1_001_fastqc.zip fastqc/SRR9264350_S0_L001_I1_001_fastqc.zip fastqc/SRR9264351_S0_L001_I1_001_fastqc.zip fastqc/SRR9264352_S0_L001_I1_001_fastqc.zip fastqc/SRR9264353_S0_L001_I1_001_fastqc.zip fastqc/SRR9264354_S0_L001_I1_001_fastqc.zip
[2020-07-07 15:03:42,482] multiqc                                            [WARNING]  MultiQC Version v1.9 now available!
[2020-07-07 15:03:42,482] multiqc                                            [INFO   ]  This is MultiQC v1.7
[2020-07-07 15:03:42,482] multiqc                                            [DEBUG  ]  Command     : /Users/baller01/miniconda2/envs/py3.6/bin/multiqc --verbose --dirs --export --outdir fastqc/Multiqc/I1 fastqc/SRR9264343_S0_L001_I1_001_fastqc.zip fastqc/SRR9264344_S0_L001_I1_001_fastqc.zip fastqc/SRR9264345_S0_L001_I1_001_fastqc.zip fastqc/SRR9264346_S0_L001_I1_001_fastqc.zip fastqc/SRR9264347_S0_L001_I1_001_fastqc.zip fastqc/SRR9264348_S0_L001_I1_001_fastqc.zip fastqc/SRR9264349_S0_L001_I1_001_fastqc.zip fastqc/SRR9264350_S0_L001_I1_001_fastqc.zip fastqc/SRR9264351_S0_L001_I1_001_fastqc.zip fastqc/SRR9264352_S0_L001_I1_001_fastqc.zip fastqc/SRR9264353_S0_L001_I1_001_fastqc.zip fastqc/SRR9264354_S0_L001_I1_001_fastqc.zip
[2020-07-07 15:03:42,482] multiqc                                            [DEBUG  ]  Working dir : /mnt/scratchb/bioinformatics/baller01/20200511_FernandesM_ME_crukBiSs2020/Data/CaronBourque2020
[2020-07-07 15:03:42,482] multiqc                                            [INFO   ]  Template    : default
[2020-07-07 15:03:42,483] multiqc                                            [INFO   ]  Prepending directory to sample names
[2020-07-07 15:03:42,483] multiqc                                            [INFO   ]  Searching 'fastqc/SRR9264343_S0_L001_I1_001_fastqc.zip'
[2020-07-07 15:03:42,483] multiqc                                            [INFO   ]  Searching 'fastqc/SRR9264344_S0_L001_I1_001_fastqc.zip'
[2020-07-07 15:03:42,483] multiqc                                            [INFO   ]  Searching 'fastqc/SRR9264345_S0_L001_I1_001_fastqc.zip'
[2020-07-07 15:03:42,483] multiqc                                            [INFO   ]  Searching 'fastqc/SRR9264346_S0_L001_I1_001_fastqc.zip'
[2020-07-07 15:03:42,483] multiqc                                            [INFO   ]  Searching 'fastqc/SRR9264347_S0_L001_I1_001_fastqc.zip'
[2020-07-07 15:03:42,483] multiqc                                            [INFO   ]  Searching 'fastqc/SRR9264348_S0_L001_I1_001_fastqc.zip'
[2020-07-07 15:03:42,483] multiqc                                            [INFO   ]  Searching 'fastqc/SRR9264349_S0_L001_I1_001_fastqc.zip'
[2020-07-07 15:03:42,483] multiqc                                            [INFO   ]  Searching 'fastqc/SRR9264350_S0_L001_I1_001_fastqc.zip'
[2020-07-07 15:03:42,483] multiqc                                            [INFO   ]  Searching 'fastqc/SRR9264351_S0_L001_I1_001_fastqc.zip'
[2020-07-07 15:03:42,483] multiqc                                            [INFO   ]  Searching 'fastqc/SRR9264352_S0_L001_I1_001_fastqc.zip'
[2020-07-07 15:03:42,484] multiqc                                            [INFO   ]  Searching 'fastqc/SRR9264353_S0_L001_I1_001_fastqc.zip'
[2020-07-07 15:03:42,484] multiqc                                            [INFO   ]  Searching 'fastqc/SRR9264354_S0_L001_I1_001_fastqc.zip'
[2020-07-07 15:03:42,484] multiqc                                            [DEBUG  ]  Analysing modules: custom_content, conpair, peddy, methylQA, phantompeakqualtools, qualimap, preseq, quast, qorts, rna_seqc, rsem, rseqc, busco, goleft_indexcov, disambiguate, supernova, deeptools, sargasso, verifybamid, mirtrace, happy, homer, macs2, theta2, snpeff, gatk, htseq, bcftools, featureCounts, dedup, damageprofiler, picard, prokka, samblaster, samtools, bamtools, jellyfish, vcftools, longranger, stacks, bbmap, bismark, biscuit, hicexplorer, hicup, hicpro, salmon, kallisto, slamdunk, star, hisat2, tophat, bowtie2, bowtie1, kat, leehom, adapterRemoval, clipandmerge, cutadapt, flexbar, trimmomatic, skewer, sortmerna, biobloomtools, fastq_screen, afterqc, fastp, fastqc, minionqc, clusterflow, bcl2fastq, interop, flash
[2020-07-07 15:03:42,484] multiqc                                            [DEBUG  ]  Using temporary directory for creating report: /tmp/tmp115wjaxu
[2020-07-07 15:03:44,859] multiqc                                            [DEBUG  ]  No samples found: custom_content
[2020-07-07 15:03:44,880] multiqc                                            [DEBUG  ]  No samples found: conpair
[2020-07-07 15:03:44,902] multiqc                                            [DEBUG  ]  No samples found: peddy
[2020-07-07 15:03:44,925] multiqc                                            [DEBUG  ]  No samples found: methylQA
[2020-07-07 15:03:44,933] multiqc                                            [DEBUG  ]  No samples found: phantompeakqualtools
[2020-07-07 15:03:44,946] multiqc                                            [DEBUG  ]  No samples found: qualimap
[2020-07-07 15:03:44,954] multiqc                                            [DEBUG  ]  No samples found: preseq
[2020-07-07 15:03:44,975] multiqc                                            [DEBUG  ]  No samples found: quast
[2020-07-07 15:03:45,030] multiqc                                            [DEBUG  ]  No samples found: qorts
[2020-07-07 15:03:45,044] multiqc                                            [DEBUG  ]  No samples found: rna_seqc
[2020-07-07 15:03:45,063] multiqc                                            [DEBUG  ]  No samples found: rsem
[2020-07-07 15:03:45,080] multiqc                                            [DEBUG  ]  No samples found: rseqc
[2020-07-07 15:03:45,087] multiqc                                            [DEBUG  ]  No samples found: busco
[2020-07-07 15:03:45,111] multiqc                                            [DEBUG  ]  No samples found: goleft_indexcov
[2020-07-07 15:03:45,144] multiqc                                            [DEBUG  ]  No samples found: disambiguate
[2020-07-07 15:03:45,151] multiqc                                            [DEBUG  ]  No samples found: supernova
[2020-07-07 15:03:45,188] multiqc                                            [DEBUG  ]  No samples found: deeptools
[2020-07-07 15:03:45,216] multiqc                                            [DEBUG  ]  No samples found: sargasso
[2020-07-07 15:03:45,242] multiqc                                            [DEBUG  ]  No samples found: verifybamid
[2020-07-07 15:03:45,263] multiqc                                            [DEBUG  ]  No samples found: mirtrace
[2020-07-07 15:03:45,272] multiqc                                            [DEBUG  ]  No samples found: happy
[2020-07-07 15:03:45,292] multiqc                                            [DEBUG  ]  No samples found: homer
[2020-07-07 15:03:45,299] multiqc                                            [DEBUG  ]  No samples found: macs2
[2020-07-07 15:03:45,307] multiqc                                            [DEBUG  ]  No samples found: theta2
[2020-07-07 15:03:45,314] multiqc                                            [DEBUG  ]  No samples found: snpeff
[2020-07-07 15:03:45,325] multiqc                                            [DEBUG  ]  No samples found: gatk
[2020-07-07 15:03:45,331] multiqc                                            [DEBUG  ]  No samples found: htseq
[2020-07-07 15:03:45,375] multiqc                                            [DEBUG  ]  No samples found: bcftools
[2020-07-07 15:03:45,394] multiqc                                            [DEBUG  ]  No samples found: featureCounts
[2020-07-07 15:03:45,427] multiqc                                            [DEBUG  ]  No samples found: dedup
[2020-07-07 15:03:45,467] multiqc                                            [DEBUG  ]  No samples found: damageprofiler
[2020-07-07 15:03:45,499] multiqc                                            [DEBUG  ]  No samples found: picard
[2020-07-07 15:03:45,531] multiqc                                            [DEBUG  ]  No samples found: prokka
[2020-07-07 15:03:45,540] multiqc                                            [DEBUG  ]  No samples found: samblaster
[2020-07-07 15:03:45,552] multiqc                                            [DEBUG  ]  No samples found: samtools
[2020-07-07 15:03:45,560] multiqc                                            [DEBUG  ]  No samples found: bamtools
[2020-07-07 15:03:45,568] multiqc                                            [DEBUG  ]  No samples found: jellyfish
[2020-07-07 15:03:45,579] multiqc                                            [DEBUG  ]  No samples found: vcftools
[2020-07-07 15:03:45,592] multiqc                                            [DEBUG  ]  No samples found: longranger
[2020-07-07 15:03:45,599] multiqc                                            [DEBUG  ]  No samples found: stacks
[2020-07-07 15:03:45,641] multiqc                                            [DEBUG  ]  No samples found: bbmap
[2020-07-07 15:03:45,657] multiqc                                            [DEBUG  ]  No samples found: bismark
[2020-07-07 15:03:45,665] multiqc                                            [DEBUG  ]  No samples found: biscuit
[2020-07-07 15:03:45,728] multiqc                                            [DEBUG  ]  No samples found: hicexplorer
[2020-07-07 15:03:45,737] multiqc                                            [DEBUG  ]  No samples found: hicup
[2020-07-07 15:03:45,810] multiqc                                            [DEBUG  ]  No samples found: hicpro
[2020-07-07 15:03:45,818] multiqc                                            [DEBUG  ]  No samples found: salmon
[2020-07-07 15:03:45,826] multiqc                                            [DEBUG  ]  No samples found: kallisto
[2020-07-07 15:03:45,856] multiqc                                            [DEBUG  ]  No samples found: slamdunk
[2020-07-07 15:03:45,864] multiqc                                            [DEBUG  ]  No samples found: star
[2020-07-07 15:03:45,882] multiqc                                            [DEBUG  ]  No samples found: hisat2
[2020-07-07 15:03:45,902] multiqc                                            [DEBUG  ]  No samples found: tophat
[2020-07-07 15:03:45,913] multiqc                                            [DEBUG  ]  No samples found: bowtie2
[2020-07-07 15:03:45,922] multiqc                                            [DEBUG  ]  No samples found: bowtie1
[2020-07-07 15:03:45,930] multiqc                                            [DEBUG  ]  No samples found: kat
[2020-07-07 15:03:45,938] multiqc                                            [DEBUG  ]  No samples found: leehom
[2020-07-07 15:03:45,946] multiqc                                            [DEBUG  ]  No samples found: adapterRemoval
[2020-07-07 15:03:45,963] multiqc                                            [DEBUG  ]  No samples found: clipandmerge
[2020-07-07 15:03:46,002] multiqc                                            [DEBUG  ]  No samples found: cutadapt
[2020-07-07 15:03:46,022] multiqc                                            [DEBUG  ]  No samples found: flexbar
[2020-07-07 15:03:46,029] multiqc                                            [DEBUG  ]  No samples found: trimmomatic
[2020-07-07 15:03:46,049] multiqc                                            [DEBUG  ]  No samples found: skewer
[2020-07-07 15:03:46,056] multiqc                                            [DEBUG  ]  No samples found: sortmerna
[2020-07-07 15:03:46,062] multiqc                                            [DEBUG  ]  No samples found: biobloomtools
[2020-07-07 15:03:46,069] multiqc                                            [DEBUG  ]  No samples found: fastq_screen
[2020-07-07 15:03:46,075] multiqc                                            [DEBUG  ]  No samples found: afterqc
[2020-07-07 15:03:46,082] multiqc                                            [DEBUG  ]  No samples found: fastp
[2020-07-07 15:03:46,672] multiqc.modules.fastqc.fastqc                      [INFO   ]  Found 12 reports
[2020-07-07 15:03:56,146] multiqc.modules.fastqc.fastqc                      [DEBUG  ]  adapter_content not found in FastQC reports
[2020-07-07 15:03:56,165] multiqc                                            [DEBUG  ]  No samples found: minionqc
[2020-07-07 15:03:56,170] multiqc                                            [DEBUG  ]  No samples found: clusterflow
[2020-07-07 15:03:56,175] multiqc                                            [DEBUG  ]  No samples found: bcl2fastq
[2020-07-07 15:03:56,234] multiqc                                            [DEBUG  ]  No samples found: interop
[2020-07-07 15:03:56,254] multiqc                                            [DEBUG  ]  No samples found: flash
[2020-07-07 15:03:56,282] multiqc                                            [INFO   ]  Compressing plot data
[2020-07-07 15:03:56,418] multiqc                                            [INFO   ]  Report      : fastqc/Multiqc/I1/multiqc_report.html
[2020-07-07 15:03:56,418] multiqc                                            [INFO   ]  Data        : fastqc/Multiqc/I1/multiqc_data
[2020-07-07 15:03:56,419] multiqc                                            [DEBUG  ]  Moving data file from '/tmp/tmp115wjaxu/multiqc_data/mqc_fastqc_per_base_n_content_plot_1.txt' to 'fastqc/Multiqc/I1/multiqc_data'
[2020-07-07 15:03:56,422] multiqc                                            [DEBUG  ]  Moving data file from '/tmp/tmp115wjaxu/multiqc_data/mqc_fastqc_per_base_sequence_quality_plot_1.txt' to 'fastqc/Multiqc/I1/multiqc_data'
[2020-07-07 15:03:56,425] multiqc                                            [DEBUG  ]  Moving data file from '/tmp/tmp115wjaxu/multiqc_data/mqc_fastqc_sequence_duplication_levels_plot_1.txt' to 'fastqc/Multiqc/I1/multiqc_data'
[2020-07-07 15:03:56,428] multiqc                                            [DEBUG  ]  Moving data file from '/tmp/tmp115wjaxu/multiqc_data/mqc_fastqc_per_sequence_gc_content_plot_Counts.txt' to 'fastqc/Multiqc/I1/multiqc_data'
[2020-07-07 15:03:56,431] multiqc                                            [DEBUG  ]  Moving data file from '/tmp/tmp115wjaxu/multiqc_data/multiqc_sources.txt' to 'fastqc/Multiqc/I1/multiqc_data'
[2020-07-07 15:03:56,434] multiqc                                            [DEBUG  ]  Moving data file from '/tmp/tmp115wjaxu/multiqc_data/multiqc_fastqc.txt' to 'fastqc/Multiqc/I1/multiqc_data'
[2020-07-07 15:03:56,437] multiqc                                            [DEBUG  ]  Moving data file from '/tmp/tmp115wjaxu/multiqc_data/multiqc_general_stats.txt' to 'fastqc/Multiqc/I1/multiqc_data'
[2020-07-07 15:03:56,440] multiqc                                            [DEBUG  ]  Moving data file from '/tmp/tmp115wjaxu/multiqc_data/mqc_fastqc_overrepresented_sequencesi_plot_1.txt' to 'fastqc/Multiqc/I1/multiqc_data'
[2020-07-07 15:03:56,443] multiqc                                            [DEBUG  ]  Moving data file from '/tmp/tmp115wjaxu/multiqc_data/mqc_fastqc_per_sequence_gc_content_plot_Percentages.txt' to 'fastqc/Multiqc/I1/multiqc_data'
[2020-07-07 15:03:56,445] multiqc                                            [DEBUG  ]  Moving data file from '/tmp/tmp115wjaxu/multiqc_data/mqc_fastqc_sequence_counts_plot_1.txt' to 'fastqc/Multiqc/I1/multiqc_data'
[2020-07-07 15:03:56,448] multiqc                                            [DEBUG  ]  Moving data file from '/tmp/tmp115wjaxu/multiqc_data/mqc_fastqc_per_sequence_quality_scores_plot_1.txt' to 'fastqc/Multiqc/I1/multiqc_data'
[2020-07-07 15:03:56,451] multiqc                                            [DEBUG  ]  Moving data file from '/tmp/tmp115wjaxu/multiqc_data/multiqc_data.json' to 'fastqc/Multiqc/I1/multiqc_data'
[2020-07-07 15:03:56,455] multiqc                                            [INFO   ]  Plots       : fastqc/Multiqc/I1/multiqc_plots
[2020-07-07 15:03:56,455] multiqc                                            [DEBUG  ]  Moving plots directory from '/tmp/tmp115wjaxu/multiqc_plots/pdf' to 'fastqc/Multiqc/I1/multiqc_plots'
[2020-07-07 15:03:56,481] multiqc                                            [DEBUG  ]  Moving plots directory from '/tmp/tmp115wjaxu/multiqc_plots/png' to 'fastqc/Multiqc/I1/multiqc_plots'
[2020-07-07 15:03:56,507] multiqc                                            [DEBUG  ]  Moving plots directory from '/tmp/tmp115wjaxu/multiqc_plots/svg' to 'fastqc/Multiqc/I1/multiqc_plots'
[2020-07-07 15:03:57,013] multiqc                                            [INFO   ]  MultiQC complete
