[2020-07-08 13:42:04,575] multiqc                                            [DEBUG  ]  No MultiQC config found: /home/baller01/miniconda2/envs/py3.6/lib/python3.6/site-packages/multiqc_config.yaml
[2020-07-08 13:42:04,575] multiqc                                            [DEBUG  ]  No MultiQC config found: /Users/baller01/.multiqc_config.yaml
[2020-07-08 13:42:04,575] multiqc                                            [DEBUG  ]  No MultiQC config found: multiqc_config.yaml
[2020-07-08 13:42:04,575] multiqc                                            [DEBUG  ]  Command used: /Users/baller01/miniconda2/envs/py3.6/bin/multiqc --verbose --dirs --export --outdir fastqc/Multiqc/I1 fastqc/MantonBM1_HiSeq_1_S1_L007_I1_001_fastqc.zip fastqc/MantonBM1_HiSeq_1_S1_L008_I1_001_fastqc.zip fastqc/MantonBM1_HiSeq_2_S2_L007_I1_001_fastqc.zip fastqc/MantonBM1_HiSeq_2_S2_L008_I1_001_fastqc.zip fastqc/MantonBM1_HiSeq_3_S3_L007_I1_001_fastqc.zip fastqc/MantonBM1_HiSeq_3_S3_L008_I1_001_fastqc.zip fastqc/MantonBM1_HiSeq_4_S4_L007_I1_001_fastqc.zip fastqc/MantonBM1_HiSeq_4_S4_L008_I1_001_fastqc.zip fastqc/MantonBM1_HiSeq_5_S5_L007_I1_001_fastqc.zip fastqc/MantonBM1_HiSeq_5_S5_L008_I1_001_fastqc.zip fastqc/MantonBM1_HiSeq_6_S6_L007_I1_001_fastqc.zip fastqc/MantonBM1_HiSeq_6_S6_L008_I1_001_fastqc.zip fastqc/MantonBM1_HiSeq_7_S7_L007_I1_001_fastqc.zip fastqc/MantonBM1_HiSeq_7_S7_L008_I1_001_fastqc.zip fastqc/MantonBM1_HiSeq_8_S8_L007_I1_001_fastqc.zip fastqc/MantonBM1_HiSeq_8_S8_L008_I1_001_fastqc.zip fastqc/MantonBM2_HiSeq_1_S9_L005_I1_001_fastqc.zip fastqc/MantonBM2_HiSeq_1_S9_L006_I1_001_fastqc.zip fastqc/MantonBM2_HiSeq_2_S10_L005_I1_001_fastqc.zip fastqc/MantonBM2_HiSeq_2_S10_L006_I1_001_fastqc.zip fastqc/MantonBM2_HiSeq_3_S11_L005_I1_001_fastqc.zip fastqc/MantonBM2_HiSeq_3_S11_L006_I1_001_fastqc.zip fastqc/MantonBM2_HiSeq_4_S12_L005_I1_001_fastqc.zip fastqc/MantonBM2_HiSeq_4_S12_L006_I1_001_fastqc.zip fastqc/MantonBM2_HiSeq_5_S13_L005_I1_001_fastqc.zip fastqc/MantonBM2_HiSeq_5_S13_L006_I1_001_fastqc.zip fastqc/MantonBM2_HiSeq_6_S14_L005_I1_001_fastqc.zip fastqc/MantonBM2_HiSeq_6_S14_L006_I1_001_fastqc.zip fastqc/MantonBM2_HiSeq_7_S15_L005_I1_001_fastqc.zip fastqc/MantonBM2_HiSeq_7_S15_L006_I1_001_fastqc.zip fastqc/MantonBM2_HiSeq_8_S16_L005_I1_001_fastqc.zip fastqc/MantonBM2_HiSeq_8_S16_L006_I1_001_fastqc.zip fastqc/MantonBM3_HiSeq_1_S17_L003_I1_001_fastqc.zip fastqc/MantonBM3_HiSeq_1_S17_L004_I1_001_fastqc.zip fastqc/MantonBM3_HiSeq_2_S18_L003_I1_001_fastqc.zip fastqc/MantonBM3_HiSeq_2_S18_L004_I1_001_fastqc.zip fastqc/MantonBM3_HiSeq_3_S19_L003_I1_001_fastqc.zip fastqc/MantonBM3_HiSeq_3_S19_L004_I1_001_fastqc.zip fastqc/MantonBM3_HiSeq_4_S20_L003_I1_001_fastqc.zip fastqc/MantonBM3_HiSeq_4_S20_L004_I1_001_fastqc.zip fastqc/MantonBM3_HiSeq_5_S21_L003_I1_001_fastqc.zip fastqc/MantonBM3_HiSeq_5_S21_L004_I1_001_fastqc.zip fastqc/MantonBM3_HiSeq_6_S22_L003_I1_001_fastqc.zip fastqc/MantonBM3_HiSeq_6_S22_L004_I1_001_fastqc.zip fastqc/MantonBM3_HiSeq_7_S23_L003_I1_001_fastqc.zip fastqc/MantonBM3_HiSeq_7_S23_L004_I1_001_fastqc.zip fastqc/MantonBM3_HiSeq_8_S24_L003_I1_001_fastqc.zip fastqc/MantonBM3_HiSeq_8_S24_L004_I1_001_fastqc.zip fastqc/MantonBM4_HiSeq_1_S25_L001_I1_001_fastqc.zip fastqc/MantonBM4_HiSeq_1_S25_L002_I1_001_fastqc.zip fastqc/MantonBM4_HiSeq_2_S26_L001_I1_001_fastqc.zip fastqc/MantonBM4_HiSeq_2_S26_L002_I1_001_fastqc.zip fastqc/MantonBM4_HiSeq_3_S27_L001_I1_001_fastqc.zip fastqc/MantonBM4_HiSeq_3_S27_L002_I1_001_fastqc.zip fastqc/MantonBM4_HiSeq_4_S28_L001_I1_001_fastqc.zip fastqc/MantonBM4_HiSeq_4_S28_L002_I1_001_fastqc.zip fastqc/MantonBM4_HiSeq_5_S29_L001_I1_001_fastqc.zip fastqc/MantonBM4_HiSeq_5_S29_L002_I1_001_fastqc.zip fastqc/MantonBM4_HiSeq_6_S30_L001_I1_001_fastqc.zip fastqc/MantonBM4_HiSeq_6_S30_L002_I1_001_fastqc.zip fastqc/MantonBM4_HiSeq_7_S31_L001_I1_001_fastqc.zip fastqc/MantonBM4_HiSeq_7_S31_L002_I1_001_fastqc.zip fastqc/MantonBM4_HiSeq_8_S32_L001_I1_001_fastqc.zip fastqc/MantonBM4_HiSeq_8_S32_L002_I1_001_fastqc.zip fastqc/MantonBM5_HiSeq_1_S1_L001_I1_001_fastqc.zip fastqc/MantonBM5_HiSeq_1_S1_L002_I1_001_fastqc.zip fastqc/MantonBM5_HiSeq_2_S2_L001_I1_001_fastqc.zip fastqc/MantonBM5_HiSeq_2_S2_L002_I1_001_fastqc.zip fastqc/MantonBM5_HiSeq_3_S3_L001_I1_001_fastqc.zip fastqc/MantonBM5_HiSeq_3_S3_L002_I1_001_fastqc.zip fastqc/MantonBM5_HiSeq_4_S4_L001_I1_001_fastqc.zip fastqc/MantonBM5_HiSeq_4_S4_L002_I1_001_fastqc.zip fastqc/MantonBM5_HiSeq_5_S5_L001_I1_001_fastqc.zip fastqc/MantonBM5_HiSeq_5_S5_L002_I1_001_fastqc.zip fastqc/MantonBM5_HiSeq_6_S6_L001_I1_001_fastqc.zip fastqc/MantonBM5_HiSeq_6_S6_L002_I1_001_fastqc.zip fastqc/MantonBM5_HiSeq_7_S7_L001_I1_001_fastqc.zip fastqc/MantonBM5_HiSeq_7_S7_L002_I1_001_fastqc.zip fastqc/MantonBM5_HiSeq_8_S8_L001_I1_001_fastqc.zip fastqc/MantonBM5_HiSeq_8_S8_L002_I1_001_fastqc.zip fastqc/MantonBM6_HiSeq_1_S9_L003_I1_001_fastqc.zip fastqc/MantonBM6_HiSeq_1_S9_L004_I1_001_fastqc.zip fastqc/MantonBM6_HiSeq_2_S10_L003_I1_001_fastqc.zip fastqc/MantonBM6_HiSeq_2_S10_L004_I1_001_fastqc.zip fastqc/MantonBM6_HiSeq_4_S11_L003_I1_001_fastqc.zip fastqc/MantonBM6_HiSeq_4_S11_L004_I1_001_fastqc.zip fastqc/MantonBM6_HiSeq_5_S12_L003_I1_001_fastqc.zip fastqc/MantonBM6_HiSeq_5_S12_L004_I1_001_fastqc.zip fastqc/MantonBM6_HiSeq_6_S13_L003_I1_001_fastqc.zip fastqc/MantonBM6_HiSeq_6_S13_L004_I1_001_fastqc.zip fastqc/MantonBM6_HiSeq_7_S14_L003_I1_001_fastqc.zip fastqc/MantonBM6_HiSeq_7_S14_L004_I1_001_fastqc.zip fastqc/MantonBM6_HiSeq_8_S15_L003_I1_001_fastqc.zip fastqc/MantonBM6_HiSeq_8_S15_L004_I1_001_fastqc.zip fastqc/MantonBM7_HiSeq_1_S16_L005_I1_001_fastqc.zip fastqc/MantonBM7_HiSeq_1_S16_L006_I1_001_fastqc.zip fastqc/MantonBM7_HiSeq_2_S17_L005_I1_001_fastqc.zip fastqc/MantonBM7_HiSeq_2_S17_L006_I1_001_fastqc.zip fastqc/MantonBM7_HiSeq_3_S18_L005_I1_001_fastqc.zip fastqc/MantonBM7_HiSeq_3_S18_L006_I1_001_fastqc.zip fastqc/MantonBM7_HiSeq_4_S19_L005_I1_001_fastqc.zip fastqc/MantonBM7_HiSeq_4_S19_L006_I1_001_fastqc.zip fastqc/MantonBM7_HiSeq_5_S20_L005_I1_001_fastqc.zip fastqc/MantonBM7_HiSeq_5_S20_L006_I1_001_fastqc.zip fastqc/MantonBM7_HiSeq_6_S21_L005_I1_001_fastqc.zip fastqc/MantonBM7_HiSeq_6_S21_L006_I1_001_fastqc.zip fastqc/MantonBM7_HiSeq_7_S22_L005_I1_001_fastqc.zip fastqc/MantonBM7_HiSeq_7_S22_L006_I1_001_fastqc.zip fastqc/MantonBM7_HiSeq_8_S23_L005_I1_001_fastqc.zip fastqc/MantonBM7_HiSeq_8_S23_L006_I1_001_fastqc.zip fastqc/MantonBM8_HiSeq_1_S24_L007_I1_001_fastqc.zip fastqc/MantonBM8_HiSeq_1_S24_L008_I1_001_fastqc.zip fastqc/MantonBM8_HiSeq_2_S25_L007_I1_001_fastqc.zip fastqc/MantonBM8_HiSeq_2_S25_L008_I1_001_fastqc.zip fastqc/MantonBM8_HiSeq_3_S26_L007_I1_001_fastqc.zip fastqc/MantonBM8_HiSeq_3_S26_L008_I1_001_fastqc.zip fastqc/MantonBM8_HiSeq_4_S27_L007_I1_001_fastqc.zip fastqc/MantonBM8_HiSeq_4_S27_L008_I1_001_fastqc.zip fastqc/MantonBM8_HiSeq_5_S28_L007_I1_001_fastqc.zip fastqc/MantonBM8_HiSeq_5_S28_L008_I1_001_fastqc.zip fastqc/MantonBM8_HiSeq_6_S29_L007_I1_001_fastqc.zip fastqc/MantonBM8_HiSeq_6_S29_L008_I1_001_fastqc.zip fastqc/MantonBM8_HiSeq_7_S30_L007_I1_001_fastqc.zip fastqc/MantonBM8_HiSeq_7_S30_L008_I1_001_fastqc.zip fastqc/MantonBM8_HiSeq_8_S31_L007_I1_001_fastqc.zip fastqc/MantonBM8_HiSeq_8_S31_L008_I1_001_fastqc.zip
[2020-07-08 13:42:05,608] multiqc                                            [WARNING]  MultiQC Version v1.9 now available!
[2020-07-08 13:42:05,608] multiqc                                            [INFO   ]  This is MultiQC v1.7
[2020-07-08 13:42:05,609] multiqc                                            [DEBUG  ]  Command     : /Users/baller01/miniconda2/envs/py3.6/bin/multiqc --verbose --dirs --export --outdir fastqc/Multiqc/I1 fastqc/MantonBM1_HiSeq_1_S1_L007_I1_001_fastqc.zip fastqc/MantonBM1_HiSeq_1_S1_L008_I1_001_fastqc.zip fastqc/MantonBM1_HiSeq_2_S2_L007_I1_001_fastqc.zip fastqc/MantonBM1_HiSeq_2_S2_L008_I1_001_fastqc.zip fastqc/MantonBM1_HiSeq_3_S3_L007_I1_001_fastqc.zip fastqc/MantonBM1_HiSeq_3_S3_L008_I1_001_fastqc.zip fastqc/MantonBM1_HiSeq_4_S4_L007_I1_001_fastqc.zip fastqc/MantonBM1_HiSeq_4_S4_L008_I1_001_fastqc.zip fastqc/MantonBM1_HiSeq_5_S5_L007_I1_001_fastqc.zip fastqc/MantonBM1_HiSeq_5_S5_L008_I1_001_fastqc.zip fastqc/MantonBM1_HiSeq_6_S6_L007_I1_001_fastqc.zip fastqc/MantonBM1_HiSeq_6_S6_L008_I1_001_fastqc.zip fastqc/MantonBM1_HiSeq_7_S7_L007_I1_001_fastqc.zip fastqc/MantonBM1_HiSeq_7_S7_L008_I1_001_fastqc.zip fastqc/MantonBM1_HiSeq_8_S8_L007_I1_001_fastqc.zip fastqc/MantonBM1_HiSeq_8_S8_L008_I1_001_fastqc.zip fastqc/MantonBM2_HiSeq_1_S9_L005_I1_001_fastqc.zip fastqc/MantonBM2_HiSeq_1_S9_L006_I1_001_fastqc.zip fastqc/MantonBM2_HiSeq_2_S10_L005_I1_001_fastqc.zip fastqc/MantonBM2_HiSeq_2_S10_L006_I1_001_fastqc.zip fastqc/MantonBM2_HiSeq_3_S11_L005_I1_001_fastqc.zip fastqc/MantonBM2_HiSeq_3_S11_L006_I1_001_fastqc.zip fastqc/MantonBM2_HiSeq_4_S12_L005_I1_001_fastqc.zip fastqc/MantonBM2_HiSeq_4_S12_L006_I1_001_fastqc.zip fastqc/MantonBM2_HiSeq_5_S13_L005_I1_001_fastqc.zip fastqc/MantonBM2_HiSeq_5_S13_L006_I1_001_fastqc.zip fastqc/MantonBM2_HiSeq_6_S14_L005_I1_001_fastqc.zip fastqc/MantonBM2_HiSeq_6_S14_L006_I1_001_fastqc.zip fastqc/MantonBM2_HiSeq_7_S15_L005_I1_001_fastqc.zip fastqc/MantonBM2_HiSeq_7_S15_L006_I1_001_fastqc.zip fastqc/MantonBM2_HiSeq_8_S16_L005_I1_001_fastqc.zip fastqc/MantonBM2_HiSeq_8_S16_L006_I1_001_fastqc.zip fastqc/MantonBM3_HiSeq_1_S17_L003_I1_001_fastqc.zip fastqc/MantonBM3_HiSeq_1_S17_L004_I1_001_fastqc.zip fastqc/MantonBM3_HiSeq_2_S18_L003_I1_001_fastqc.zip fastqc/MantonBM3_HiSeq_2_S18_L004_I1_001_fastqc.zip fastqc/MantonBM3_HiSeq_3_S19_L003_I1_001_fastqc.zip fastqc/MantonBM3_HiSeq_3_S19_L004_I1_001_fastqc.zip fastqc/MantonBM3_HiSeq_4_S20_L003_I1_001_fastqc.zip fastqc/MantonBM3_HiSeq_4_S20_L004_I1_001_fastqc.zip fastqc/MantonBM3_HiSeq_5_S21_L003_I1_001_fastqc.zip fastqc/MantonBM3_HiSeq_5_S21_L004_I1_001_fastqc.zip fastqc/MantonBM3_HiSeq_6_S22_L003_I1_001_fastqc.zip fastqc/MantonBM3_HiSeq_6_S22_L004_I1_001_fastqc.zip fastqc/MantonBM3_HiSeq_7_S23_L003_I1_001_fastqc.zip fastqc/MantonBM3_HiSeq_7_S23_L004_I1_001_fastqc.zip fastqc/MantonBM3_HiSeq_8_S24_L003_I1_001_fastqc.zip fastqc/MantonBM3_HiSeq_8_S24_L004_I1_001_fastqc.zip fastqc/MantonBM4_HiSeq_1_S25_L001_I1_001_fastqc.zip fastqc/MantonBM4_HiSeq_1_S25_L002_I1_001_fastqc.zip fastqc/MantonBM4_HiSeq_2_S26_L001_I1_001_fastqc.zip fastqc/MantonBM4_HiSeq_2_S26_L002_I1_001_fastqc.zip fastqc/MantonBM4_HiSeq_3_S27_L001_I1_001_fastqc.zip fastqc/MantonBM4_HiSeq_3_S27_L002_I1_001_fastqc.zip fastqc/MantonBM4_HiSeq_4_S28_L001_I1_001_fastqc.zip fastqc/MantonBM4_HiSeq_4_S28_L002_I1_001_fastqc.zip fastqc/MantonBM4_HiSeq_5_S29_L001_I1_001_fastqc.zip fastqc/MantonBM4_HiSeq_5_S29_L002_I1_001_fastqc.zip fastqc/MantonBM4_HiSeq_6_S30_L001_I1_001_fastqc.zip fastqc/MantonBM4_HiSeq_6_S30_L002_I1_001_fastqc.zip fastqc/MantonBM4_HiSeq_7_S31_L001_I1_001_fastqc.zip fastqc/MantonBM4_HiSeq_7_S31_L002_I1_001_fastqc.zip fastqc/MantonBM4_HiSeq_8_S32_L001_I1_001_fastqc.zip fastqc/MantonBM4_HiSeq_8_S32_L002_I1_001_fastqc.zip fastqc/MantonBM5_HiSeq_1_S1_L001_I1_001_fastqc.zip fastqc/MantonBM5_HiSeq_1_S1_L002_I1_001_fastqc.zip fastqc/MantonBM5_HiSeq_2_S2_L001_I1_001_fastqc.zip fastqc/MantonBM5_HiSeq_2_S2_L002_I1_001_fastqc.zip fastqc/MantonBM5_HiSeq_3_S3_L001_I1_001_fastqc.zip fastqc/MantonBM5_HiSeq_3_S3_L002_I1_001_fastqc.zip fastqc/MantonBM5_HiSeq_4_S4_L001_I1_001_fastqc.zip fastqc/MantonBM5_HiSeq_4_S4_L002_I1_001_fastqc.zip fastqc/MantonBM5_HiSeq_5_S5_L001_I1_001_fastqc.zip fastqc/MantonBM5_HiSeq_5_S5_L002_I1_001_fastqc.zip fastqc/MantonBM5_HiSeq_6_S6_L001_I1_001_fastqc.zip fastqc/MantonBM5_HiSeq_6_S6_L002_I1_001_fastqc.zip fastqc/MantonBM5_HiSeq_7_S7_L001_I1_001_fastqc.zip fastqc/MantonBM5_HiSeq_7_S7_L002_I1_001_fastqc.zip fastqc/MantonBM5_HiSeq_8_S8_L001_I1_001_fastqc.zip fastqc/MantonBM5_HiSeq_8_S8_L002_I1_001_fastqc.zip fastqc/MantonBM6_HiSeq_1_S9_L003_I1_001_fastqc.zip fastqc/MantonBM6_HiSeq_1_S9_L004_I1_001_fastqc.zip fastqc/MantonBM6_HiSeq_2_S10_L003_I1_001_fastqc.zip fastqc/MantonBM6_HiSeq_2_S10_L004_I1_001_fastqc.zip fastqc/MantonBM6_HiSeq_4_S11_L003_I1_001_fastqc.zip fastqc/MantonBM6_HiSeq_4_S11_L004_I1_001_fastqc.zip fastqc/MantonBM6_HiSeq_5_S12_L003_I1_001_fastqc.zip fastqc/MantonBM6_HiSeq_5_S12_L004_I1_001_fastqc.zip fastqc/MantonBM6_HiSeq_6_S13_L003_I1_001_fastqc.zip fastqc/MantonBM6_HiSeq_6_S13_L004_I1_001_fastqc.zip fastqc/MantonBM6_HiSeq_7_S14_L003_I1_001_fastqc.zip fastqc/MantonBM6_HiSeq_7_S14_L004_I1_001_fastqc.zip fastqc/MantonBM6_HiSeq_8_S15_L003_I1_001_fastqc.zip fastqc/MantonBM6_HiSeq_8_S15_L004_I1_001_fastqc.zip fastqc/MantonBM7_HiSeq_1_S16_L005_I1_001_fastqc.zip fastqc/MantonBM7_HiSeq_1_S16_L006_I1_001_fastqc.zip fastqc/MantonBM7_HiSeq_2_S17_L005_I1_001_fastqc.zip fastqc/MantonBM7_HiSeq_2_S17_L006_I1_001_fastqc.zip fastqc/MantonBM7_HiSeq_3_S18_L005_I1_001_fastqc.zip fastqc/MantonBM7_HiSeq_3_S18_L006_I1_001_fastqc.zip fastqc/MantonBM7_HiSeq_4_S19_L005_I1_001_fastqc.zip fastqc/MantonBM7_HiSeq_4_S19_L006_I1_001_fastqc.zip fastqc/MantonBM7_HiSeq_5_S20_L005_I1_001_fastqc.zip fastqc/MantonBM7_HiSeq_5_S20_L006_I1_001_fastqc.zip fastqc/MantonBM7_HiSeq_6_S21_L005_I1_001_fastqc.zip fastqc/MantonBM7_HiSeq_6_S21_L006_I1_001_fastqc.zip fastqc/MantonBM7_HiSeq_7_S22_L005_I1_001_fastqc.zip fastqc/MantonBM7_HiSeq_7_S22_L006_I1_001_fastqc.zip fastqc/MantonBM7_HiSeq_8_S23_L005_I1_001_fastqc.zip fastqc/MantonBM7_HiSeq_8_S23_L006_I1_001_fastqc.zip fastqc/MantonBM8_HiSeq_1_S24_L007_I1_001_fastqc.zip fastqc/MantonBM8_HiSeq_1_S24_L008_I1_001_fastqc.zip fastqc/MantonBM8_HiSeq_2_S25_L007_I1_001_fastqc.zip fastqc/MantonBM8_HiSeq_2_S25_L008_I1_001_fastqc.zip fastqc/MantonBM8_HiSeq_3_S26_L007_I1_001_fastqc.zip fastqc/MantonBM8_HiSeq_3_S26_L008_I1_001_fastqc.zip fastqc/MantonBM8_HiSeq_4_S27_L007_I1_001_fastqc.zip fastqc/MantonBM8_HiSeq_4_S27_L008_I1_001_fastqc.zip fastqc/MantonBM8_HiSeq_5_S28_L007_I1_001_fastqc.zip fastqc/MantonBM8_HiSeq_5_S28_L008_I1_001_fastqc.zip fastqc/MantonBM8_HiSeq_6_S29_L007_I1_001_fastqc.zip fastqc/MantonBM8_HiSeq_6_S29_L008_I1_001_fastqc.zip fastqc/MantonBM8_HiSeq_7_S30_L007_I1_001_fastqc.zip fastqc/MantonBM8_HiSeq_7_S30_L008_I1_001_fastqc.zip fastqc/MantonBM8_HiSeq_8_S31_L007_I1_001_fastqc.zip fastqc/MantonBM8_HiSeq_8_S31_L008_I1_001_fastqc.zip
[2020-07-08 13:42:05,609] multiqc                                            [DEBUG  ]  Working dir : /mnt/scratchb/bioinformatics/baller01/20200511_FernandesM_ME_crukBiSs2020/Data/Hca
[2020-07-08 13:42:05,609] multiqc                                            [INFO   ]  Template    : default
[2020-07-08 13:42:05,609] multiqc                                            [INFO   ]  Prepending directory to sample names
[2020-07-08 13:42:05,609] multiqc                                            [INFO   ]  Searching 'fastqc/MantonBM1_HiSeq_1_S1_L007_I1_001_fastqc.zip'
[2020-07-08 13:42:05,610] multiqc                                            [INFO   ]  Searching 'fastqc/MantonBM1_HiSeq_1_S1_L008_I1_001_fastqc.zip'
[2020-07-08 13:42:05,610] multiqc                                            [INFO   ]  Searching 'fastqc/MantonBM1_HiSeq_2_S2_L007_I1_001_fastqc.zip'
[2020-07-08 13:42:05,610] multiqc                                            [INFO   ]  Searching 'fastqc/MantonBM1_HiSeq_2_S2_L008_I1_001_fastqc.zip'
[2020-07-08 13:42:05,610] multiqc                                            [INFO   ]  Searching 'fastqc/MantonBM1_HiSeq_3_S3_L007_I1_001_fastqc.zip'
[2020-07-08 13:42:05,610] multiqc                                            [INFO   ]  Searching 'fastqc/MantonBM1_HiSeq_3_S3_L008_I1_001_fastqc.zip'
[2020-07-08 13:42:05,610] multiqc                                            [INFO   ]  Searching 'fastqc/MantonBM1_HiSeq_4_S4_L007_I1_001_fastqc.zip'
[2020-07-08 13:42:05,610] multiqc                                            [INFO   ]  Searching 'fastqc/MantonBM1_HiSeq_4_S4_L008_I1_001_fastqc.zip'
[2020-07-08 13:42:05,610] multiqc                                            [INFO   ]  Searching 'fastqc/MantonBM1_HiSeq_5_S5_L007_I1_001_fastqc.zip'
[2020-07-08 13:42:05,610] multiqc                                            [INFO   ]  Searching 'fastqc/MantonBM1_HiSeq_5_S5_L008_I1_001_fastqc.zip'
[2020-07-08 13:42:05,610] multiqc                                            [INFO   ]  Searching 'fastqc/MantonBM1_HiSeq_6_S6_L007_I1_001_fastqc.zip'
[2020-07-08 13:42:05,611] multiqc                                            [INFO   ]  Searching 'fastqc/MantonBM1_HiSeq_6_S6_L008_I1_001_fastqc.zip'
[2020-07-08 13:42:05,611] multiqc                                            [INFO   ]  Searching 'fastqc/MantonBM1_HiSeq_7_S7_L007_I1_001_fastqc.zip'
[2020-07-08 13:42:05,611] multiqc                                            [INFO   ]  Searching 'fastqc/MantonBM1_HiSeq_7_S7_L008_I1_001_fastqc.zip'
[2020-07-08 13:42:05,611] multiqc                                            [INFO   ]  Searching 'fastqc/MantonBM1_HiSeq_8_S8_L007_I1_001_fastqc.zip'
[2020-07-08 13:42:05,611] multiqc                                            [INFO   ]  Searching 'fastqc/MantonBM1_HiSeq_8_S8_L008_I1_001_fastqc.zip'
[2020-07-08 13:42:05,611] multiqc                                            [INFO   ]  Searching 'fastqc/MantonBM2_HiSeq_1_S9_L005_I1_001_fastqc.zip'
[2020-07-08 13:42:05,611] multiqc                                            [INFO   ]  Searching 'fastqc/MantonBM2_HiSeq_1_S9_L006_I1_001_fastqc.zip'
[2020-07-08 13:42:05,611] multiqc                                            [INFO   ]  Searching 'fastqc/MantonBM2_HiSeq_2_S10_L005_I1_001_fastqc.zip'
[2020-07-08 13:42:05,611] multiqc                                            [INFO   ]  Searching 'fastqc/MantonBM2_HiSeq_2_S10_L006_I1_001_fastqc.zip'
[2020-07-08 13:42:05,611] multiqc                                            [INFO   ]  Searching 'fastqc/MantonBM2_HiSeq_3_S11_L005_I1_001_fastqc.zip'
[2020-07-08 13:42:05,611] multiqc                                            [INFO   ]  Searching 'fastqc/MantonBM2_HiSeq_3_S11_L006_I1_001_fastqc.zip'
[2020-07-08 13:42:05,612] multiqc                                            [INFO   ]  Searching 'fastqc/MantonBM2_HiSeq_4_S12_L005_I1_001_fastqc.zip'
[2020-07-08 13:42:05,612] multiqc                                            [INFO   ]  Searching 'fastqc/MantonBM2_HiSeq_4_S12_L006_I1_001_fastqc.zip'
[2020-07-08 13:42:05,612] multiqc                                            [INFO   ]  Searching 'fastqc/MantonBM2_HiSeq_5_S13_L005_I1_001_fastqc.zip'
[2020-07-08 13:42:05,612] multiqc                                            [INFO   ]  Searching 'fastqc/MantonBM2_HiSeq_5_S13_L006_I1_001_fastqc.zip'
[2020-07-08 13:42:05,612] multiqc                                            [INFO   ]  Searching 'fastqc/MantonBM2_HiSeq_6_S14_L005_I1_001_fastqc.zip'
[2020-07-08 13:42:05,612] multiqc                                            [INFO   ]  Searching 'fastqc/MantonBM2_HiSeq_6_S14_L006_I1_001_fastqc.zip'
[2020-07-08 13:42:05,612] multiqc                                            [INFO   ]  Searching 'fastqc/MantonBM2_HiSeq_7_S15_L005_I1_001_fastqc.zip'
[2020-07-08 13:42:05,612] multiqc                                            [INFO   ]  Searching 'fastqc/MantonBM2_HiSeq_7_S15_L006_I1_001_fastqc.zip'
[2020-07-08 13:42:05,612] multiqc                                            [INFO   ]  Searching 'fastqc/MantonBM2_HiSeq_8_S16_L005_I1_001_fastqc.zip'
[2020-07-08 13:42:05,612] multiqc                                            [INFO   ]  Searching 'fastqc/MantonBM2_HiSeq_8_S16_L006_I1_001_fastqc.zip'
[2020-07-08 13:42:05,613] multiqc                                            [INFO   ]  Searching 'fastqc/MantonBM3_HiSeq_1_S17_L003_I1_001_fastqc.zip'
[2020-07-08 13:42:05,613] multiqc                                            [INFO   ]  Searching 'fastqc/MantonBM3_HiSeq_1_S17_L004_I1_001_fastqc.zip'
[2020-07-08 13:42:05,613] multiqc                                            [INFO   ]  Searching 'fastqc/MantonBM3_HiSeq_2_S18_L003_I1_001_fastqc.zip'
[2020-07-08 13:42:05,613] multiqc                                            [INFO   ]  Searching 'fastqc/MantonBM3_HiSeq_2_S18_L004_I1_001_fastqc.zip'
[2020-07-08 13:42:05,613] multiqc                                            [INFO   ]  Searching 'fastqc/MantonBM3_HiSeq_3_S19_L003_I1_001_fastqc.zip'
[2020-07-08 13:42:05,613] multiqc                                            [INFO   ]  Searching 'fastqc/MantonBM3_HiSeq_3_S19_L004_I1_001_fastqc.zip'
[2020-07-08 13:42:05,613] multiqc                                            [INFO   ]  Searching 'fastqc/MantonBM3_HiSeq_4_S20_L003_I1_001_fastqc.zip'
[2020-07-08 13:42:05,613] multiqc                                            [INFO   ]  Searching 'fastqc/MantonBM3_HiSeq_4_S20_L004_I1_001_fastqc.zip'
[2020-07-08 13:42:05,613] multiqc                                            [INFO   ]  Searching 'fastqc/MantonBM3_HiSeq_5_S21_L003_I1_001_fastqc.zip'
[2020-07-08 13:42:05,613] multiqc                                            [INFO   ]  Searching 'fastqc/MantonBM3_HiSeq_5_S21_L004_I1_001_fastqc.zip'
[2020-07-08 13:42:05,613] multiqc                                            [INFO   ]  Searching 'fastqc/MantonBM3_HiSeq_6_S22_L003_I1_001_fastqc.zip'
[2020-07-08 13:42:05,614] multiqc                                            [INFO   ]  Searching 'fastqc/MantonBM3_HiSeq_6_S22_L004_I1_001_fastqc.zip'
[2020-07-08 13:42:05,614] multiqc                                            [INFO   ]  Searching 'fastqc/MantonBM3_HiSeq_7_S23_L003_I1_001_fastqc.zip'
[2020-07-08 13:42:05,614] multiqc                                            [INFO   ]  Searching 'fastqc/MantonBM3_HiSeq_7_S23_L004_I1_001_fastqc.zip'
[2020-07-08 13:42:05,614] multiqc                                            [INFO   ]  Searching 'fastqc/MantonBM3_HiSeq_8_S24_L003_I1_001_fastqc.zip'
[2020-07-08 13:42:05,614] multiqc                                            [INFO   ]  Searching 'fastqc/MantonBM3_HiSeq_8_S24_L004_I1_001_fastqc.zip'
[2020-07-08 13:42:05,614] multiqc                                            [INFO   ]  Searching 'fastqc/MantonBM4_HiSeq_1_S25_L001_I1_001_fastqc.zip'
[2020-07-08 13:42:05,614] multiqc                                            [INFO   ]  Searching 'fastqc/MantonBM4_HiSeq_1_S25_L002_I1_001_fastqc.zip'
[2020-07-08 13:42:05,614] multiqc                                            [INFO   ]  Searching 'fastqc/MantonBM4_HiSeq_2_S26_L001_I1_001_fastqc.zip'
[2020-07-08 13:42:05,614] multiqc                                            [INFO   ]  Searching 'fastqc/MantonBM4_HiSeq_2_S26_L002_I1_001_fastqc.zip'
[2020-07-08 13:42:05,614] multiqc                                            [INFO   ]  Searching 'fastqc/MantonBM4_HiSeq_3_S27_L001_I1_001_fastqc.zip'
[2020-07-08 13:42:05,615] multiqc                                            [INFO   ]  Searching 'fastqc/MantonBM4_HiSeq_3_S27_L002_I1_001_fastqc.zip'
[2020-07-08 13:42:05,615] multiqc                                            [INFO   ]  Searching 'fastqc/MantonBM4_HiSeq_4_S28_L001_I1_001_fastqc.zip'
[2020-07-08 13:42:05,615] multiqc                                            [INFO   ]  Searching 'fastqc/MantonBM4_HiSeq_4_S28_L002_I1_001_fastqc.zip'
[2020-07-08 13:42:05,615] multiqc                                            [INFO   ]  Searching 'fastqc/MantonBM4_HiSeq_5_S29_L001_I1_001_fastqc.zip'
[2020-07-08 13:42:05,615] multiqc                                            [INFO   ]  Searching 'fastqc/MantonBM4_HiSeq_5_S29_L002_I1_001_fastqc.zip'
[2020-07-08 13:42:05,615] multiqc                                            [INFO   ]  Searching 'fastqc/MantonBM4_HiSeq_6_S30_L001_I1_001_fastqc.zip'
[2020-07-08 13:42:05,615] multiqc                                            [INFO   ]  Searching 'fastqc/MantonBM4_HiSeq_6_S30_L002_I1_001_fastqc.zip'
[2020-07-08 13:42:05,615] multiqc                                            [INFO   ]  Searching 'fastqc/MantonBM4_HiSeq_7_S31_L001_I1_001_fastqc.zip'
[2020-07-08 13:42:05,615] multiqc                                            [INFO   ]  Searching 'fastqc/MantonBM4_HiSeq_7_S31_L002_I1_001_fastqc.zip'
[2020-07-08 13:42:05,615] multiqc                                            [INFO   ]  Searching 'fastqc/MantonBM4_HiSeq_8_S32_L001_I1_001_fastqc.zip'
[2020-07-08 13:42:05,615] multiqc                                            [INFO   ]  Searching 'fastqc/MantonBM4_HiSeq_8_S32_L002_I1_001_fastqc.zip'
[2020-07-08 13:42:05,616] multiqc                                            [INFO   ]  Searching 'fastqc/MantonBM5_HiSeq_1_S1_L001_I1_001_fastqc.zip'
[2020-07-08 13:42:05,616] multiqc                                            [INFO   ]  Searching 'fastqc/MantonBM5_HiSeq_1_S1_L002_I1_001_fastqc.zip'
[2020-07-08 13:42:05,616] multiqc                                            [INFO   ]  Searching 'fastqc/MantonBM5_HiSeq_2_S2_L001_I1_001_fastqc.zip'
[2020-07-08 13:42:05,616] multiqc                                            [INFO   ]  Searching 'fastqc/MantonBM5_HiSeq_2_S2_L002_I1_001_fastqc.zip'
[2020-07-08 13:42:05,616] multiqc                                            [INFO   ]  Searching 'fastqc/MantonBM5_HiSeq_3_S3_L001_I1_001_fastqc.zip'
[2020-07-08 13:42:05,616] multiqc                                            [INFO   ]  Searching 'fastqc/MantonBM5_HiSeq_3_S3_L002_I1_001_fastqc.zip'
[2020-07-08 13:42:05,616] multiqc                                            [INFO   ]  Searching 'fastqc/MantonBM5_HiSeq_4_S4_L001_I1_001_fastqc.zip'
[2020-07-08 13:42:05,616] multiqc                                            [INFO   ]  Searching 'fastqc/MantonBM5_HiSeq_4_S4_L002_I1_001_fastqc.zip'
[2020-07-08 13:42:05,616] multiqc                                            [INFO   ]  Searching 'fastqc/MantonBM5_HiSeq_5_S5_L001_I1_001_fastqc.zip'
[2020-07-08 13:42:05,616] multiqc                                            [INFO   ]  Searching 'fastqc/MantonBM5_HiSeq_5_S5_L002_I1_001_fastqc.zip'
[2020-07-08 13:42:05,617] multiqc                                            [INFO   ]  Searching 'fastqc/MantonBM5_HiSeq_6_S6_L001_I1_001_fastqc.zip'
[2020-07-08 13:42:05,617] multiqc                                            [INFO   ]  Searching 'fastqc/MantonBM5_HiSeq_6_S6_L002_I1_001_fastqc.zip'
[2020-07-08 13:42:05,617] multiqc                                            [INFO   ]  Searching 'fastqc/MantonBM5_HiSeq_7_S7_L001_I1_001_fastqc.zip'
[2020-07-08 13:42:05,617] multiqc                                            [INFO   ]  Searching 'fastqc/MantonBM5_HiSeq_7_S7_L002_I1_001_fastqc.zip'
[2020-07-08 13:42:05,617] multiqc                                            [INFO   ]  Searching 'fastqc/MantonBM5_HiSeq_8_S8_L001_I1_001_fastqc.zip'
[2020-07-08 13:42:05,617] multiqc                                            [INFO   ]  Searching 'fastqc/MantonBM5_HiSeq_8_S8_L002_I1_001_fastqc.zip'
[2020-07-08 13:42:05,617] multiqc                                            [INFO   ]  Searching 'fastqc/MantonBM6_HiSeq_1_S9_L003_I1_001_fastqc.zip'
[2020-07-08 13:42:05,617] multiqc                                            [INFO   ]  Searching 'fastqc/MantonBM6_HiSeq_1_S9_L004_I1_001_fastqc.zip'
[2020-07-08 13:42:05,617] multiqc                                            [INFO   ]  Searching 'fastqc/MantonBM6_HiSeq_2_S10_L003_I1_001_fastqc.zip'
[2020-07-08 13:42:05,617] multiqc                                            [INFO   ]  Searching 'fastqc/MantonBM6_HiSeq_2_S10_L004_I1_001_fastqc.zip'
[2020-07-08 13:42:05,617] multiqc                                            [INFO   ]  Searching 'fastqc/MantonBM6_HiSeq_4_S11_L003_I1_001_fastqc.zip'
[2020-07-08 13:42:05,618] multiqc                                            [INFO   ]  Searching 'fastqc/MantonBM6_HiSeq_4_S11_L004_I1_001_fastqc.zip'
[2020-07-08 13:42:05,618] multiqc                                            [INFO   ]  Searching 'fastqc/MantonBM6_HiSeq_5_S12_L003_I1_001_fastqc.zip'
[2020-07-08 13:42:05,618] multiqc                                            [INFO   ]  Searching 'fastqc/MantonBM6_HiSeq_5_S12_L004_I1_001_fastqc.zip'
[2020-07-08 13:42:05,618] multiqc                                            [INFO   ]  Searching 'fastqc/MantonBM6_HiSeq_6_S13_L003_I1_001_fastqc.zip'
[2020-07-08 13:42:05,618] multiqc                                            [INFO   ]  Searching 'fastqc/MantonBM6_HiSeq_6_S13_L004_I1_001_fastqc.zip'
[2020-07-08 13:42:05,618] multiqc                                            [INFO   ]  Searching 'fastqc/MantonBM6_HiSeq_7_S14_L003_I1_001_fastqc.zip'
[2020-07-08 13:42:05,618] multiqc                                            [INFO   ]  Searching 'fastqc/MantonBM6_HiSeq_7_S14_L004_I1_001_fastqc.zip'
[2020-07-08 13:42:05,618] multiqc                                            [INFO   ]  Searching 'fastqc/MantonBM6_HiSeq_8_S15_L003_I1_001_fastqc.zip'
[2020-07-08 13:42:05,618] multiqc                                            [INFO   ]  Searching 'fastqc/MantonBM6_HiSeq_8_S15_L004_I1_001_fastqc.zip'
[2020-07-08 13:42:05,618] multiqc                                            [INFO   ]  Searching 'fastqc/MantonBM7_HiSeq_1_S16_L005_I1_001_fastqc.zip'
[2020-07-08 13:42:05,618] multiqc                                            [INFO   ]  Searching 'fastqc/MantonBM7_HiSeq_1_S16_L006_I1_001_fastqc.zip'
[2020-07-08 13:42:05,619] multiqc                                            [INFO   ]  Searching 'fastqc/MantonBM7_HiSeq_2_S17_L005_I1_001_fastqc.zip'
[2020-07-08 13:42:05,619] multiqc                                            [INFO   ]  Searching 'fastqc/MantonBM7_HiSeq_2_S17_L006_I1_001_fastqc.zip'
[2020-07-08 13:42:05,619] multiqc                                            [INFO   ]  Searching 'fastqc/MantonBM7_HiSeq_3_S18_L005_I1_001_fastqc.zip'
[2020-07-08 13:42:05,619] multiqc                                            [INFO   ]  Searching 'fastqc/MantonBM7_HiSeq_3_S18_L006_I1_001_fastqc.zip'
[2020-07-08 13:42:05,619] multiqc                                            [INFO   ]  Searching 'fastqc/MantonBM7_HiSeq_4_S19_L005_I1_001_fastqc.zip'
[2020-07-08 13:42:05,619] multiqc                                            [INFO   ]  Searching 'fastqc/MantonBM7_HiSeq_4_S19_L006_I1_001_fastqc.zip'
[2020-07-08 13:42:05,619] multiqc                                            [INFO   ]  Searching 'fastqc/MantonBM7_HiSeq_5_S20_L005_I1_001_fastqc.zip'
[2020-07-08 13:42:05,619] multiqc                                            [INFO   ]  Searching 'fastqc/MantonBM7_HiSeq_5_S20_L006_I1_001_fastqc.zip'
[2020-07-08 13:42:05,619] multiqc                                            [INFO   ]  Searching 'fastqc/MantonBM7_HiSeq_6_S21_L005_I1_001_fastqc.zip'
[2020-07-08 13:42:05,619] multiqc                                            [INFO   ]  Searching 'fastqc/MantonBM7_HiSeq_6_S21_L006_I1_001_fastqc.zip'
[2020-07-08 13:42:05,619] multiqc                                            [INFO   ]  Searching 'fastqc/MantonBM7_HiSeq_7_S22_L005_I1_001_fastqc.zip'
[2020-07-08 13:42:05,620] multiqc                                            [INFO   ]  Searching 'fastqc/MantonBM7_HiSeq_7_S22_L006_I1_001_fastqc.zip'
[2020-07-08 13:42:05,620] multiqc                                            [INFO   ]  Searching 'fastqc/MantonBM7_HiSeq_8_S23_L005_I1_001_fastqc.zip'
[2020-07-08 13:42:05,620] multiqc                                            [INFO   ]  Searching 'fastqc/MantonBM7_HiSeq_8_S23_L006_I1_001_fastqc.zip'
[2020-07-08 13:42:05,620] multiqc                                            [INFO   ]  Searching 'fastqc/MantonBM8_HiSeq_1_S24_L007_I1_001_fastqc.zip'
[2020-07-08 13:42:05,620] multiqc                                            [INFO   ]  Searching 'fastqc/MantonBM8_HiSeq_1_S24_L008_I1_001_fastqc.zip'
[2020-07-08 13:42:05,620] multiqc                                            [INFO   ]  Searching 'fastqc/MantonBM8_HiSeq_2_S25_L007_I1_001_fastqc.zip'
[2020-07-08 13:42:05,620] multiqc                                            [INFO   ]  Searching 'fastqc/MantonBM8_HiSeq_2_S25_L008_I1_001_fastqc.zip'
[2020-07-08 13:42:05,620] multiqc                                            [INFO   ]  Searching 'fastqc/MantonBM8_HiSeq_3_S26_L007_I1_001_fastqc.zip'
[2020-07-08 13:42:05,620] multiqc                                            [INFO   ]  Searching 'fastqc/MantonBM8_HiSeq_3_S26_L008_I1_001_fastqc.zip'
[2020-07-08 13:42:05,620] multiqc                                            [INFO   ]  Searching 'fastqc/MantonBM8_HiSeq_4_S27_L007_I1_001_fastqc.zip'
[2020-07-08 13:42:05,620] multiqc                                            [INFO   ]  Searching 'fastqc/MantonBM8_HiSeq_4_S27_L008_I1_001_fastqc.zip'
[2020-07-08 13:42:05,621] multiqc                                            [INFO   ]  Searching 'fastqc/MantonBM8_HiSeq_5_S28_L007_I1_001_fastqc.zip'
[2020-07-08 13:42:05,621] multiqc                                            [INFO   ]  Searching 'fastqc/MantonBM8_HiSeq_5_S28_L008_I1_001_fastqc.zip'
[2020-07-08 13:42:05,621] multiqc                                            [INFO   ]  Searching 'fastqc/MantonBM8_HiSeq_6_S29_L007_I1_001_fastqc.zip'
[2020-07-08 13:42:05,621] multiqc                                            [INFO   ]  Searching 'fastqc/MantonBM8_HiSeq_6_S29_L008_I1_001_fastqc.zip'
[2020-07-08 13:42:05,621] multiqc                                            [INFO   ]  Searching 'fastqc/MantonBM8_HiSeq_7_S30_L007_I1_001_fastqc.zip'
[2020-07-08 13:42:05,621] multiqc                                            [INFO   ]  Searching 'fastqc/MantonBM8_HiSeq_7_S30_L008_I1_001_fastqc.zip'
[2020-07-08 13:42:05,621] multiqc                                            [INFO   ]  Searching 'fastqc/MantonBM8_HiSeq_8_S31_L007_I1_001_fastqc.zip'
[2020-07-08 13:42:05,621] multiqc                                            [INFO   ]  Searching 'fastqc/MantonBM8_HiSeq_8_S31_L008_I1_001_fastqc.zip'
[2020-07-08 13:42:05,622] multiqc                                            [DEBUG  ]  Analysing modules: custom_content, conpair, peddy, methylQA, phantompeakqualtools, qualimap, preseq, quast, qorts, rna_seqc, rsem, rseqc, busco, goleft_indexcov, disambiguate, supernova, deeptools, sargasso, verifybamid, mirtrace, happy, homer, macs2, theta2, snpeff, gatk, htseq, bcftools, featureCounts, dedup, damageprofiler, picard, prokka, samblaster, samtools, bamtools, jellyfish, vcftools, longranger, stacks, bbmap, bismark, biscuit, hicexplorer, hicup, hicpro, salmon, kallisto, slamdunk, star, hisat2, tophat, bowtie2, bowtie1, kat, leehom, adapterRemoval, clipandmerge, cutadapt, flexbar, trimmomatic, skewer, sortmerna, biobloomtools, fastq_screen, afterqc, fastp, fastqc, minionqc, clusterflow, bcl2fastq, interop, flash
[2020-07-08 13:42:05,622] multiqc                                            [DEBUG  ]  Using temporary directory for creating report: /tmp/tmp2_nfghby
[2020-07-08 13:42:06,132] multiqc                                            [DEBUG  ]  No samples found: custom_content
[2020-07-08 13:42:06,139] multiqc                                            [DEBUG  ]  No samples found: conpair
[2020-07-08 13:42:06,147] multiqc                                            [DEBUG  ]  No samples found: peddy
[2020-07-08 13:42:06,155] multiqc                                            [DEBUG  ]  No samples found: methylQA
[2020-07-08 13:42:06,161] multiqc                                            [DEBUG  ]  No samples found: phantompeakqualtools
[2020-07-08 13:42:06,173] multiqc                                            [DEBUG  ]  No samples found: qualimap
[2020-07-08 13:42:06,180] multiqc                                            [DEBUG  ]  No samples found: preseq
[2020-07-08 13:42:06,186] multiqc                                            [DEBUG  ]  No samples found: quast
[2020-07-08 13:42:06,192] multiqc                                            [DEBUG  ]  No samples found: qorts
[2020-07-08 13:42:06,199] multiqc                                            [DEBUG  ]  No samples found: rna_seqc
[2020-07-08 13:42:06,204] multiqc                                            [DEBUG  ]  No samples found: rsem
[2020-07-08 13:42:06,216] multiqc                                            [DEBUG  ]  No samples found: rseqc
[2020-07-08 13:42:06,221] multiqc                                            [DEBUG  ]  No samples found: busco
[2020-07-08 13:42:06,227] multiqc                                            [DEBUG  ]  No samples found: goleft_indexcov
[2020-07-08 13:42:06,232] multiqc                                            [DEBUG  ]  No samples found: disambiguate
[2020-07-08 13:42:06,237] multiqc                                            [DEBUG  ]  No samples found: supernova
[2020-07-08 13:42:06,248] multiqc                                            [DEBUG  ]  No samples found: deeptools
[2020-07-08 13:42:06,253] multiqc                                            [DEBUG  ]  No samples found: sargasso
[2020-07-08 13:42:06,258] multiqc                                            [DEBUG  ]  No samples found: verifybamid
[2020-07-08 13:42:06,263] multiqc                                            [DEBUG  ]  No samples found: mirtrace
[2020-07-08 13:42:06,268] multiqc                                            [DEBUG  ]  No samples found: happy
[2020-07-08 13:42:06,274] multiqc                                            [DEBUG  ]  No samples found: homer
[2020-07-08 13:42:06,279] multiqc                                            [DEBUG  ]  No samples found: macs2
[2020-07-08 13:42:06,283] multiqc                                            [DEBUG  ]  No samples found: theta2
[2020-07-08 13:42:06,288] multiqc                                            [DEBUG  ]  No samples found: snpeff
[2020-07-08 13:42:06,294] multiqc                                            [DEBUG  ]  No samples found: gatk
[2020-07-08 13:42:06,298] multiqc                                            [DEBUG  ]  No samples found: htseq
[2020-07-08 13:42:06,303] multiqc                                            [DEBUG  ]  No samples found: bcftools
[2020-07-08 13:42:06,307] multiqc                                            [DEBUG  ]  No samples found: featureCounts
[2020-07-08 13:42:06,311] multiqc                                            [DEBUG  ]  No samples found: dedup
[2020-07-08 13:42:06,316] multiqc                                            [DEBUG  ]  No samples found: damageprofiler
[2020-07-08 13:42:06,328] multiqc                                            [DEBUG  ]  No samples found: picard
[2020-07-08 13:42:06,332] multiqc                                            [DEBUG  ]  No samples found: prokka
[2020-07-08 13:42:06,335] multiqc                                            [DEBUG  ]  No samples found: samblaster
[2020-07-08 13:42:06,342] multiqc                                            [DEBUG  ]  No samples found: samtools
[2020-07-08 13:42:06,346] multiqc                                            [DEBUG  ]  No samples found: bamtools
[2020-07-08 13:42:06,350] multiqc                                            [DEBUG  ]  No samples found: jellyfish
[2020-07-08 13:42:06,355] multiqc                                            [DEBUG  ]  No samples found: vcftools
[2020-07-08 13:42:06,359] multiqc                                            [DEBUG  ]  No samples found: longranger
[2020-07-08 13:42:06,363] multiqc                                            [DEBUG  ]  No samples found: stacks
[2020-07-08 13:42:06,373] multiqc                                            [DEBUG  ]  No samples found: bbmap
[2020-07-08 13:42:06,376] multiqc                                            [DEBUG  ]  No samples found: bismark
[2020-07-08 13:42:06,381] multiqc                                            [DEBUG  ]  No samples found: biscuit
[2020-07-08 13:42:06,384] multiqc                                            [DEBUG  ]  No samples found: hicexplorer
[2020-07-08 13:42:06,388] multiqc                                            [DEBUG  ]  No samples found: hicup
[2020-07-08 13:42:06,392] multiqc                                            [DEBUG  ]  No samples found: hicpro
[2020-07-08 13:42:06,396] multiqc                                            [DEBUG  ]  No samples found: salmon
[2020-07-08 13:42:06,400] multiqc                                            [DEBUG  ]  No samples found: kallisto
[2020-07-08 13:42:06,404] multiqc                                            [DEBUG  ]  No samples found: slamdunk
[2020-07-08 13:42:06,408] multiqc                                            [DEBUG  ]  No samples found: star
[2020-07-08 13:42:06,412] multiqc                                            [DEBUG  ]  No samples found: hisat2
[2020-07-08 13:42:06,416] multiqc                                            [DEBUG  ]  No samples found: tophat
[2020-07-08 13:42:06,420] multiqc                                            [DEBUG  ]  No samples found: bowtie2
[2020-07-08 13:42:06,424] multiqc                                            [DEBUG  ]  No samples found: bowtie1
[2020-07-08 13:42:06,428] multiqc                                            [DEBUG  ]  No samples found: kat
[2020-07-08 13:42:06,431] multiqc                                            [DEBUG  ]  No samples found: leehom
[2020-07-08 13:42:06,436] multiqc                                            [DEBUG  ]  No samples found: adapterRemoval
[2020-07-08 13:42:06,439] multiqc                                            [DEBUG  ]  No samples found: clipandmerge
[2020-07-08 13:42:06,443] multiqc                                            [DEBUG  ]  No samples found: cutadapt
[2020-07-08 13:42:06,447] multiqc                                            [DEBUG  ]  No samples found: flexbar
[2020-07-08 13:42:06,451] multiqc                                            [DEBUG  ]  No samples found: trimmomatic
[2020-07-08 13:42:06,455] multiqc                                            [DEBUG  ]  No samples found: skewer
[2020-07-08 13:42:06,458] multiqc                                            [DEBUG  ]  No samples found: sortmerna
[2020-07-08 13:42:06,462] multiqc                                            [DEBUG  ]  No samples found: biobloomtools
[2020-07-08 13:42:06,466] multiqc                                            [DEBUG  ]  No samples found: fastq_screen
[2020-07-08 13:42:06,470] multiqc                                            [DEBUG  ]  No samples found: afterqc
[2020-07-08 13:42:06,474] multiqc                                            [DEBUG  ]  No samples found: fastp
[2020-07-08 13:42:11,642] multiqc.modules.fastqc.fastqc                      [INFO   ]  Found 126 reports
[2020-07-08 13:42:39,449] multiqc.modules.fastqc.fastqc                      [DEBUG  ]  adapter_content not found in FastQC reports
[2020-07-08 13:42:39,457] multiqc                                            [DEBUG  ]  No samples found: minionqc
[2020-07-08 13:42:39,461] multiqc                                            [DEBUG  ]  No samples found: clusterflow
[2020-07-08 13:42:39,465] multiqc                                            [DEBUG  ]  No samples found: bcl2fastq
[2020-07-08 13:42:39,469] multiqc                                            [DEBUG  ]  No samples found: interop
[2020-07-08 13:42:39,473] multiqc                                            [DEBUG  ]  No samples found: flash
[2020-07-08 13:42:39,601] multiqc                                            [INFO   ]  Compressing plot data
[2020-07-08 13:42:39,614] multiqc                                            [INFO   ]  Report      : fastqc/Multiqc/I1/multiqc_report.html
[2020-07-08 13:42:39,614] multiqc                                            [INFO   ]  Data        : fastqc/Multiqc/I1/multiqc_data
[2020-07-08 13:42:39,615] multiqc                                            [DEBUG  ]  Moving data file from '/tmp/tmp2_nfghby/multiqc_data/mqc_fastqc_per_base_n_content_plot_1.txt' to 'fastqc/Multiqc/I1/multiqc_data'
[2020-07-08 13:42:39,618] multiqc                                            [DEBUG  ]  Moving data file from '/tmp/tmp2_nfghby/multiqc_data/mqc_fastqc_per_base_sequence_quality_plot_1.txt' to 'fastqc/Multiqc/I1/multiqc_data'
[2020-07-08 13:42:39,621] multiqc                                            [DEBUG  ]  Moving data file from '/tmp/tmp2_nfghby/multiqc_data/mqc_fastqc_sequence_duplication_levels_plot_1.txt' to 'fastqc/Multiqc/I1/multiqc_data'
[2020-07-08 13:42:39,624] multiqc                                            [DEBUG  ]  Moving data file from '/tmp/tmp2_nfghby/multiqc_data/mqc_fastqc_per_sequence_gc_content_plot_Counts.txt' to 'fastqc/Multiqc/I1/multiqc_data'
[2020-07-08 13:42:39,628] multiqc                                            [DEBUG  ]  Moving data file from '/tmp/tmp2_nfghby/multiqc_data/multiqc_sources.txt' to 'fastqc/Multiqc/I1/multiqc_data'
[2020-07-08 13:42:39,630] multiqc                                            [DEBUG  ]  Moving data file from '/tmp/tmp2_nfghby/multiqc_data/multiqc_fastqc.txt' to 'fastqc/Multiqc/I1/multiqc_data'
[2020-07-08 13:42:39,633] multiqc                                            [DEBUG  ]  Moving data file from '/tmp/tmp2_nfghby/multiqc_data/multiqc_general_stats.txt' to 'fastqc/Multiqc/I1/multiqc_data'
[2020-07-08 13:42:39,636] multiqc                                            [DEBUG  ]  Moving data file from '/tmp/tmp2_nfghby/multiqc_data/mqc_fastqc_overrepresented_sequencesi_plot_1.txt' to 'fastqc/Multiqc/I1/multiqc_data'
[2020-07-08 13:42:39,638] multiqc                                            [DEBUG  ]  Moving data file from '/tmp/tmp2_nfghby/multiqc_data/mqc_fastqc_per_sequence_gc_content_plot_Percentages.txt' to 'fastqc/Multiqc/I1/multiqc_data'
[2020-07-08 13:42:39,642] multiqc                                            [DEBUG  ]  Moving data file from '/tmp/tmp2_nfghby/multiqc_data/mqc_fastqc_sequence_counts_plot_1.txt' to 'fastqc/Multiqc/I1/multiqc_data'
[2020-07-08 13:42:39,644] multiqc                                            [DEBUG  ]  Moving data file from '/tmp/tmp2_nfghby/multiqc_data/mqc_fastqc_per_sequence_quality_scores_plot_1.txt' to 'fastqc/Multiqc/I1/multiqc_data'
[2020-07-08 13:42:39,648] multiqc                                            [DEBUG  ]  Moving data file from '/tmp/tmp2_nfghby/multiqc_data/multiqc_data.json' to 'fastqc/Multiqc/I1/multiqc_data'
[2020-07-08 13:42:39,651] multiqc                                            [INFO   ]  Plots       : fastqc/Multiqc/I1/multiqc_plots
[2020-07-08 13:42:39,651] multiqc                                            [DEBUG  ]  Moving plots directory from '/tmp/tmp2_nfghby/multiqc_plots/pdf' to 'fastqc/Multiqc/I1/multiqc_plots'
[2020-07-08 13:42:39,678] multiqc                                            [DEBUG  ]  Moving plots directory from '/tmp/tmp2_nfghby/multiqc_plots/png' to 'fastqc/Multiqc/I1/multiqc_plots'
[2020-07-08 13:42:39,706] multiqc                                            [DEBUG  ]  Moving plots directory from '/tmp/tmp2_nfghby/multiqc_plots/svg' to 'fastqc/Multiqc/I1/multiqc_plots'
[2020-07-08 13:42:39,941] multiqc                                            [INFO   ]  MultiQC complete
